{"/Users/art/code/git-user-info/src/components/layout/EmptyState.tsx": {"path":"/Users/art/code/git-user-info/src/components/layout/EmptyState.tsx","statementMap":{"0":{"start":{"line":49,"column":74},"end":{"line":56,"column":null}},"1":{"start":{"line":81,"column":15},"end":{"line":81,"column":null}},"2":{"start":{"line":83,"column":2},"end":{"line":114,"column":null}}},"fnMap":{"0":{"name":"EmptyState","decl":{"start":{"line":72,"column":16},"end":{"line":72,"column":27}},"loc":{"start":{"line":80,"column":20},"end":{"line":116,"column":null}},"line":80}},"branchMap":{"0":{"loc":{"start":{"line":75,"column":2},"end":{"line":75,"column":null}},"type":"default-arg","locations":[{"start":{"line":75,"column":9},"end":{"line":75,"column":null}}],"line":75},"1":{"loc":{"start":{"line":77,"column":2},"end":{"line":77,"column":null}},"type":"default-arg","locations":[{"start":{"line":77,"column":15},"end":{"line":77,"column":null}}],"line":77},"2":{"loc":{"start":{"line":79,"column":2},"end":{"line":79,"column":null}},"type":"default-arg","locations":[{"start":{"line":79,"column":24},"end":{"line":79,"column":null}}],"line":79},"3":{"loc":{"start":{"line":94,"column":78},"end":{"line":112,"column":null}},"type":"binary-expr","locations":[{"start":{"line":96,"column":8},"end":{"line":96,"column":20}},{"start":{"line":96,"column":20},"end":{"line":96,"column":null}},{"start":{"line":97,"column":8},"end":{"line":112,"column":null}}],"line":94},"4":{"loc":{"start":{"line":98,"column":11},"end":{"line":101,"column":null}},"type":"binary-expr","locations":[{"start":{"line":98,"column":11},"end":{"line":98,"column":null}},{"start":{"line":99,"column":12},"end":{"line":101,"column":null}}],"line":98},"5":{"loc":{"start":{"line":103,"column":11},"end":{"line":110,"column":null}},"type":"binary-expr","locations":[{"start":{"line":103,"column":11},"end":{"line":103,"column":null}},{"start":{"line":104,"column":12},"end":{"line":110,"column":null}}],"line":103}},"s":{"0":1,"1":5,"2":5},"f":{"0":5},"b":{"0":[5],"1":[5],"2":[5],"3":[5,5,0],"4":[0,0],"5":[0,0]},"meta":{"lastBranch":6,"lastFunction":1,"lastStatement":3,"seen":{"s:49:74:56:Infinity":0,"f:72:16:72:27":0,"b:75:9:75:Infinity":0,"b:77:15:77:Infinity":1,"b:79:24:79:Infinity":2,"s:81:15:81:Infinity":1,"s:83:2:114:Infinity":2,"b:96:8:96:20:96:20:96:Infinity:97:8:112:Infinity":3,"b:98:11:98:Infinity:99:12:101:Infinity":4,"b:103:11:103:Infinity:104:12:110:Infinity":5}}}
,"/Users/art/code/git-user-info/src/components/layout/ErrorState.tsx": {"path":"/Users/art/code/git-user-info/src/components/layout/ErrorState.tsx","statementMap":{"0":{"start":{"line":66,"column":18},"end":{"line":77,"column":null}},"1":{"start":{"line":67,"column":4},"end":{"line":67,"column":null}},"2":{"start":{"line":67,"column":19},"end":{"line":67,"column":null}},"3":{"start":{"line":69,"column":4},"end":{"line":76,"column":null}},"4":{"start":{"line":71,"column":8},"end":{"line":71,"column":null}},"5":{"start":{"line":73,"column":8},"end":{"line":73,"column":null}},"6":{"start":{"line":75,"column":8},"end":{"line":75,"column":null}},"7":{"start":{"line":79,"column":26},"end":{"line":82,"column":null}},"8":{"start":{"line":80,"column":4},"end":{"line":80,"column":null}},"9":{"start":{"line":80,"column":29},"end":{"line":80,"column":null}},"10":{"start":{"line":81,"column":4},"end":{"line":81,"column":null}},"11":{"start":{"line":84,"column":2},"end":{"line":120,"column":null}}},"fnMap":{"0":{"name":"ErrorState","decl":{"start":{"line":56,"column":16},"end":{"line":56,"column":27}},"loc":{"start":{"line":65,"column":20},"end":{"line":122,"column":null}},"line":65},"1":{"name":"(anonymous_1)","decl":{"start":{"line":66,"column":18},"end":{"line":66,"column":24}},"loc":{"start":{"line":66,"column":24},"end":{"line":77,"column":null}},"line":66},"2":{"name":"(anonymous_2)","decl":{"start":{"line":79,"column":26},"end":{"line":79,"column":32}},"loc":{"start":{"line":79,"column":32},"end":{"line":82,"column":null}},"line":79}},"branchMap":{"0":{"loc":{"start":{"line":57,"column":2},"end":{"line":57,"column":null}},"type":"default-arg","locations":[{"start":{"line":57,"column":10},"end":{"line":57,"column":null}}],"line":57},"1":{"loc":{"start":{"line":59,"column":2},"end":{"line":59,"column":null}},"type":"default-arg","locations":[{"start":{"line":59,"column":12},"end":{"line":59,"column":null}}],"line":59},"2":{"loc":{"start":{"line":62,"column":2},"end":{"line":62,"column":null}},"type":"default-arg","locations":[{"start":{"line":62,"column":14},"end":{"line":62,"column":null}}],"line":62},"3":{"loc":{"start":{"line":63,"column":2},"end":{"line":63,"column":null}},"type":"default-arg","locations":[{"start":{"line":63,"column":16},"end":{"line":63,"column":null}}],"line":63},"4":{"loc":{"start":{"line":64,"column":2},"end":{"line":64,"column":null}},"type":"default-arg","locations":[{"start":{"line":64,"column":13},"end":{"line":64,"column":null}}],"line":64},"5":{"loc":{"start":{"line":67,"column":4},"end":{"line":67,"column":null}},"type":"if","locations":[{"start":{"line":67,"column":4},"end":{"line":67,"column":null}},{"start":{},"end":{}}],"line":67},"6":{"loc":{"start":{"line":69,"column":4},"end":{"line":76,"column":null}},"type":"switch","locations":[{"start":{"line":70,"column":6},"end":{"line":71,"column":null}},{"start":{"line":72,"column":6},"end":{"line":73,"column":null}},{"start":{"line":74,"column":6},"end":{"line":75,"column":null}}],"line":69},"7":{"loc":{"start":{"line":80,"column":4},"end":{"line":80,"column":null}},"type":"if","locations":[{"start":{"line":80,"column":4},"end":{"line":80,"column":null}},{"start":{},"end":{}}],"line":80},"8":{"loc":{"start":{"line":90,"column":37},"end":{"line":116,"column":null}},"type":"binary-expr","locations":[{"start":{"line":92,"column":12},"end":{"line":92,"column":23}},{"start":{"line":92,"column":23},"end":{"line":92,"column":null}},{"start":{"line":93,"column":12},"end":{"line":116,"column":null}}],"line":90},"9":{"loc":{"start":{"line":94,"column":15},"end":{"line":104,"column":null}},"type":"binary-expr","locations":[{"start":{"line":94,"column":15},"end":{"line":94,"column":null}},{"start":{"line":95,"column":16},"end":{"line":104,"column":null}}],"line":94},"10":{"loc":{"start":{"line":106,"column":15},"end":{"line":114,"column":null}},"type":"binary-expr","locations":[{"start":{"line":106,"column":15},"end":{"line":106,"column":null}},{"start":{"line":107,"column":16},"end":{"line":114,"column":null}}],"line":106}},"s":{"0":4,"1":4,"2":0,"3":4,"4":4,"5":0,"6":0,"7":4,"8":4,"9":4,"10":0,"11":4},"f":{"0":4,"1":4,"2":4},"b":{"0":[4],"1":[4],"2":[4],"3":[4],"4":[4],"5":[0,4],"6":[4,0,0],"7":[4,0],"8":[4,4,0],"9":[0,0],"10":[0,0]},"meta":{"lastBranch":11,"lastFunction":3,"lastStatement":12,"seen":{"f:56:16:56:27":0,"b:57:10:57:Infinity":0,"b:59:12:59:Infinity":1,"b:62:14:62:Infinity":2,"b:63:16:63:Infinity":3,"b:64:13:64:Infinity":4,"s:66:18:77:Infinity":0,"f:66:18:66:24":1,"b:67:4:67:Infinity:undefined:undefined:undefined:undefined":5,"s:67:4:67:Infinity":1,"s:67:19:67:Infinity":2,"b:70:6:71:Infinity:72:6:73:Infinity:74:6:75:Infinity":6,"s:69:4:76:Infinity":3,"s:71:8:71:Infinity":4,"s:73:8:73:Infinity":5,"s:75:8:75:Infinity":6,"s:79:26:82:Infinity":7,"f:79:26:79:32":2,"b:80:4:80:Infinity:undefined:undefined:undefined:undefined":7,"s:80:4:80:Infinity":8,"s:80:29:80:Infinity":9,"s:81:4:81:Infinity":10,"s:84:2:120:Infinity":11,"b:92:12:92:23:92:23:92:Infinity:93:12:116:Infinity":8,"b:94:15:94:Infinity:95:16:104:Infinity":9,"b:106:15:106:Infinity:107:16:114:Infinity":10}}}
,"/Users/art/code/git-user-info/src/components/layout/LoadingState.tsx": {"path":"/Users/art/code/git-user-info/src/components/layout/LoadingState.tsx","statementMap":{"0":{"start":{"line":32,"column":2},"end":{"line":90,"column":null}},"1":{"start":{"line":74,"column":12},"end":{"line":81,"column":null}}},"fnMap":{"0":{"name":"LoadingState","decl":{"start":{"line":31,"column":16},"end":{"line":31,"column":29}},"loc":{"start":{"line":31,"column":93},"end":{"line":92,"column":null}},"line":31},"1":{"name":"(anonymous_1)","decl":{"start":{"line":73,"column":45},"end":{"line":73,"column":46}},"loc":{"start":{"line":74,"column":12},"end":{"line":81,"column":null}},"line":74}},"branchMap":{"0":{"loc":{"start":{"line":31,"column":31},"end":{"line":31,"column":52}},"type":"default-arg","locations":[{"start":{"line":31,"column":41},"end":{"line":31,"column":52}}],"line":31},"1":{"loc":{"start":{"line":31,"column":52},"end":{"line":31,"column":63}},"type":"default-arg","locations":[{"start":{"line":31,"column":60},"end":{"line":31,"column":63}}],"line":31},"2":{"loc":{"start":{"line":34,"column":7},"end":{"line":39,"column":null}},"type":"binary-expr","locations":[{"start":{"line":34,"column":7},"end":{"line":34,"column":null}},{"start":{"line":35,"column":8},"end":{"line":39,"column":null}}],"line":34},"3":{"loc":{"start":{"line":42,"column":7},"end":{"line":51,"column":null}},"type":"binary-expr","locations":[{"start":{"line":42,"column":7},"end":{"line":42,"column":null}},{"start":{"line":43,"column":8},"end":{"line":51,"column":null}}],"line":42},"4":{"loc":{"start":{"line":54,"column":7},"end":{"line":68,"column":null}},"type":"binary-expr","locations":[{"start":{"line":54,"column":7},"end":{"line":54,"column":null}},{"start":{"line":55,"column":8},"end":{"line":68,"column":null}}],"line":54},"5":{"loc":{"start":{"line":71,"column":7},"end":{"line":83,"column":null}},"type":"binary-expr","locations":[{"start":{"line":71,"column":7},"end":{"line":71,"column":null}},{"start":{"line":72,"column":8},"end":{"line":83,"column":null}}],"line":71},"6":{"loc":{"start":{"line":86,"column":7},"end":{"line":87,"column":null}},"type":"binary-expr","locations":[{"start":{"line":86,"column":7},"end":{"line":86,"column":null}},{"start":{"line":87,"column":8},"end":{"line":87,"column":null}}],"line":86}},"s":{"0":5,"1":0},"f":{"0":5,"1":0},"b":{"0":[5],"1":[5],"2":[5,5],"3":[5,0],"4":[5,0],"5":[5,0],"6":[5,5]},"meta":{"lastBranch":7,"lastFunction":2,"lastStatement":2,"seen":{"f:31:16:31:29":0,"b:31:41:31:52":0,"b:31:60:31:63":1,"s:32:2:90:Infinity":0,"b:34:7:34:Infinity:35:8:39:Infinity":2,"b:42:7:42:Infinity:43:8:51:Infinity":3,"b:54:7:54:Infinity:55:8:68:Infinity":4,"b:71:7:71:Infinity:72:8:83:Infinity":5,"f:73:45:73:46":1,"s:74:12:81:Infinity":1,"b:86:7:86:Infinity:87:8:87:Infinity":6}}}
,"/Users/art/code/git-user-info/src/components/layout/MainTabs.tsx": {"path":"/Users/art/code/git-user-info/src/components/layout/MainTabs.tsx","statementMap":{"0":{"start":{"line":18,"column":21},"end":{"line":18,"column":null}},"1":{"start":{"line":20,"column":2},"end":{"line":34,"column":null}},"2":{"start":{"line":24,"column":10},"end":{"line":26,"column":null}},"3":{"start":{"line":30,"column":8},"end":{"line":32,"column":null}}},"fnMap":{"0":{"name":"MainTabs","decl":{"start":{"line":17,"column":16},"end":{"line":17,"column":25}},"loc":{"start":{"line":17,"column":79},"end":{"line":36,"column":null}},"line":17},"1":{"name":"(anonymous_1)","decl":{"start":{"line":23,"column":18},"end":{"line":23,"column":19}},"loc":{"start":{"line":24,"column":10},"end":{"line":26,"column":null}},"line":24},"2":{"name":"(anonymous_2)","decl":{"start":{"line":29,"column":16},"end":{"line":29,"column":17}},"loc":{"start":{"line":30,"column":8},"end":{"line":32,"column":null}},"line":30}},"branchMap":{"0":{"loc":{"start":{"line":18,"column":21},"end":{"line":18,"column":null}},"type":"binary-expr","locations":[{"start":{"line":18,"column":21},"end":{"line":18,"column":37}},{"start":{"line":18,"column":37},"end":{"line":18,"column":null}}],"line":18}},"s":{"0":0,"1":0,"2":0,"3":0},"f":{"0":0,"1":0,"2":0},"b":{"0":[0,0]},"meta":{"lastBranch":1,"lastFunction":3,"lastStatement":4,"seen":{"f:17:16:17:25":0,"s:18:21:18:Infinity":0,"b:18:21:18:37:18:37:18:Infinity":0,"s:20:2:34:Infinity":1,"f:23:18:23:19":1,"s:24:10:26:Infinity":2,"f:29:16:29:17":2,"s:30:8:32:Infinity":3}}}
,"/Users/art/code/git-user-info/src/components/layout/Section.tsx": {"path":"/Users/art/code/git-user-info/src/components/layout/Section.tsx","statementMap":{"0":{"start":{"line":44,"column":20},"end":{"line":44,"column":null}},"1":{"start":{"line":46,"column":2},"end":{"line":56,"column":null}}},"fnMap":{"0":{"name":"Section","decl":{"start":{"line":37,"column":16},"end":{"line":37,"column":24}},"loc":{"start":{"line":43,"column":17},"end":{"line":58,"column":null}},"line":43}},"branchMap":{"0":{"loc":{"start":{"line":41,"column":2},"end":{"line":41,"column":null}},"type":"default-arg","locations":[{"start":{"line":41,"column":18},"end":{"line":41,"column":null}}],"line":41},"1":{"loc":{"start":{"line":42,"column":2},"end":{"line":42,"column":null}},"type":"default-arg","locations":[{"start":{"line":42,"column":14},"end":{"line":42,"column":null}}],"line":42},"2":{"loc":{"start":{"line":44,"column":20},"end":{"line":44,"column":null}},"type":"binary-expr","locations":[{"start":{"line":44,"column":20},"end":{"line":44,"column":29}},{"start":{"line":44,"column":29},"end":{"line":44,"column":null}}],"line":44},"3":{"loc":{"start":{"line":48,"column":7},"end":{"line":53,"column":null}},"type":"binary-expr","locations":[{"start":{"line":48,"column":7},"end":{"line":48,"column":null}},{"start":{"line":49,"column":8},"end":{"line":53,"column":null}}],"line":48},"4":{"loc":{"start":{"line":50,"column":11},"end":{"line":50,"column":null}},"type":"binary-expr","locations":[{"start":{"line":50,"column":11},"end":{"line":50,"column":20}},{"start":{"line":50,"column":20},"end":{"line":50,"column":null}}],"line":50},"5":{"loc":{"start":{"line":51,"column":11},"end":{"line":51,"column":null}},"type":"binary-expr","locations":[{"start":{"line":51,"column":11},"end":{"line":51,"column":26}},{"start":{"line":51,"column":26},"end":{"line":51,"column":null}}],"line":51},"6":{"loc":{"start":{"line":52,"column":11},"end":{"line":52,"column":null}},"type":"binary-expr","locations":[{"start":{"line":52,"column":11},"end":{"line":52,"column":28}},{"start":{"line":52,"column":28},"end":{"line":52,"column":null}}],"line":52}},"s":{"0":0,"1":0},"f":{"0":0},"b":{"0":[0],"1":[0],"2":[0,0],"3":[0,0],"4":[0,0],"5":[0,0],"6":[0,0]},"meta":{"lastBranch":7,"lastFunction":1,"lastStatement":2,"seen":{"f:37:16:37:24":0,"b:41:18:41:Infinity":0,"b:42:14:42:Infinity":1,"s:44:20:44:Infinity":0,"b:44:20:44:29:44:29:44:Infinity":2,"s:46:2:56:Infinity":1,"b:48:7:48:Infinity:49:8:53:Infinity":3,"b:50:11:50:20:50:20:50:Infinity":4,"b:51:11:51:26:51:26:51:Infinity":5,"b:52:11:52:28:52:28:52:Infinity":6}}}
,"/Users/art/code/git-user-info/src/components/layout/StatsCard.tsx": {"path":"/Users/art/code/git-user-info/src/components/layout/StatsCard.tsx","statementMap":{"0":{"start":{"line":69,"column":23},"end":{"line":80,"column":null}},"1":{"start":{"line":70,"column":4},"end":{"line":79,"column":null}},"2":{"start":{"line":72,"column":8},"end":{"line":72,"column":null}},"3":{"start":{"line":74,"column":8},"end":{"line":74,"column":null}},"4":{"start":{"line":76,"column":8},"end":{"line":76,"column":null}},"5":{"start":{"line":78,"column":8},"end":{"line":78,"column":null}},"6":{"start":{"line":82,"column":24},"end":{"line":93,"column":null}},"7":{"start":{"line":83,"column":4},"end":{"line":92,"column":null}},"8":{"start":{"line":85,"column":8},"end":{"line":85,"column":null}},"9":{"start":{"line":87,"column":8},"end":{"line":87,"column":null}},"10":{"start":{"line":89,"column":8},"end":{"line":89,"column":null}},"11":{"start":{"line":91,"column":8},"end":{"line":91,"column":null}},"12":{"start":{"line":95,"column":20},"end":{"line":95,"column":null}},"13":{"start":{"line":97,"column":2},"end":{"line":127,"column":null}}},"fnMap":{"0":{"name":"StatsCard","decl":{"start":{"line":59,"column":16},"end":{"line":59,"column":26}},"loc":{"start":{"line":68,"column":19},"end":{"line":129,"column":null}},"line":68},"1":{"name":"(anonymous_1)","decl":{"start":{"line":69,"column":23},"end":{"line":69,"column":29}},"loc":{"start":{"line":69,"column":29},"end":{"line":80,"column":null}},"line":69},"2":{"name":"(anonymous_2)","decl":{"start":{"line":82,"column":24},"end":{"line":82,"column":30}},"loc":{"start":{"line":82,"column":30},"end":{"line":93,"column":null}},"line":82}},"branchMap":{"0":{"loc":{"start":{"line":70,"column":4},"end":{"line":79,"column":null}},"type":"switch","locations":[{"start":{"line":71,"column":6},"end":{"line":72,"column":null}},{"start":{"line":73,"column":6},"end":{"line":74,"column":null}},{"start":{"line":75,"column":6},"end":{"line":76,"column":null}},{"start":{"line":77,"column":6},"end":{"line":78,"column":null}}],"line":70},"1":{"loc":{"start":{"line":83,"column":4},"end":{"line":92,"column":null}},"type":"switch","locations":[{"start":{"line":84,"column":6},"end":{"line":85,"column":null}},{"start":{"line":86,"column":6},"end":{"line":87,"column":null}},{"start":{"line":88,"column":6},"end":{"line":89,"column":null}},{"start":{"line":90,"column":6},"end":{"line":91,"column":null}}],"line":83},"2":{"loc":{"start":{"line":101,"column":9},"end":{"line":101,"column":null}},"type":"binary-expr","locations":[{"start":{"line":101,"column":9},"end":{"line":101,"column":17}},{"start":{"line":101,"column":17},"end":{"line":101,"column":null}}],"line":101},"3":{"loc":{"start":{"line":106,"column":11},"end":{"line":106,"column":null}},"type":"binary-expr","locations":[{"start":{"line":106,"column":11},"end":{"line":106,"column":20}},{"start":{"line":106,"column":20},"end":{"line":106,"column":null}}],"line":106},"4":{"loc":{"start":{"line":107,"column":8},"end":{"line":122,"column":null}},"type":"binary-expr","locations":[{"start":{"line":109,"column":10},"end":{"line":109,"column":25}},{"start":{"line":109,"column":25},"end":{"line":109,"column":null}},{"start":{"line":110,"column":10},"end":{"line":122,"column":null}}],"line":107},"5":{"loc":{"start":{"line":111,"column":13},"end":{"line":115,"column":null}},"type":"binary-expr","locations":[{"start":{"line":111,"column":13},"end":{"line":111,"column":22}},{"start":{"line":111,"column":22},"end":{"line":111,"column":null}},{"start":{"line":112,"column":14},"end":{"line":115,"column":null}}],"line":111},"6":{"loc":{"start":{"line":114,"column":17},"end":{"line":114,"column":null}},"type":"binary-expr","locations":[{"start":{"line":114,"column":17},"end":{"line":114,"column":31}},{"start":{"line":114,"column":31},"end":{"line":114,"column":null}}],"line":114},"7":{"loc":{"start":{"line":117,"column":13},"end":{"line":120,"column":null}},"type":"binary-expr","locations":[{"start":{"line":117,"column":13},"end":{"line":117,"column":null}},{"start":{"line":118,"column":14},"end":{"line":120,"column":null}}],"line":117},"8":{"loc":{"start":{"line":125,"column":9},"end":{"line":125,"column":null}},"type":"binary-expr","locations":[{"start":{"line":125,"column":9},"end":{"line":125,"column":19}},{"start":{"line":125,"column":19},"end":{"line":125,"column":null}}],"line":125}},"s":{"0":0,"1":0,"2":0,"3":0,"4":0,"5":0,"6":0,"7":0,"8":0,"9":0,"10":0,"11":0,"12":0,"13":0},"f":{"0":0,"1":0,"2":0},"b":{"0":[0,0,0,0],"1":[0,0,0,0],"2":[0,0],"3":[0,0],"4":[0,0,0],"5":[0,0,0],"6":[0,0],"7":[0,0],"8":[0,0]},"meta":{"lastBranch":9,"lastFunction":3,"lastStatement":14,"seen":{"f:59:16:59:26":0,"s:69:23:80:Infinity":0,"f:69:23:69:29":1,"b:71:6:72:Infinity:73:6:74:Infinity:75:6:76:Infinity:77:6:78:Infinity":0,"s:70:4:79:Infinity":1,"s:72:8:72:Infinity":2,"s:74:8:74:Infinity":3,"s:76:8:76:Infinity":4,"s:78:8:78:Infinity":5,"s:82:24:93:Infinity":6,"f:82:24:82:30":2,"b:84:6:85:Infinity:86:6:87:Infinity:88:6:89:Infinity:90:6:91:Infinity":1,"s:83:4:92:Infinity":7,"s:85:8:85:Infinity":8,"s:87:8:87:Infinity":9,"s:89:8:89:Infinity":10,"s:91:8:91:Infinity":11,"s:95:20:95:Infinity":12,"s:97:2:127:Infinity":13,"b:101:9:101:17:101:17:101:Infinity":2,"b:106:11:106:20:106:20:106:Infinity":3,"b:109:10:109:25:109:25:109:Infinity:110:10:122:Infinity":4,"b:111:13:111:22:111:22:111:Infinity:112:14:115:Infinity":5,"b:114:17:114:31:114:31:114:Infinity":6,"b:117:13:117:Infinity:118:14:120:Infinity":7,"b:125:9:125:19:125:19:125:Infinity":8}}}
,"/Users/art/code/git-user-info/src/components/layout/ThemeToggle.tsx": {"path":"/Users/art/code/git-user-info/src/components/layout/ThemeToggle.tsx","statementMap":{"0":{"start":{"line":6,"column":24},"end":{"line":6,"column":null}},"1":{"start":{"line":8,"column":2},"end":{"line":11,"column":null}},"2":{"start":{"line":9,"column":19},"end":{"line":9,"column":null}},"3":{"start":{"line":10,"column":4},"end":{"line":10,"column":null}},"4":{"start":{"line":13,"column":22},"end":{"line":24,"column":null}},"5":{"start":{"line":14,"column":21},"end":{"line":14,"column":null}},"6":{"start":{"line":15,"column":4},"end":{"line":15,"column":null}},"7":{"start":{"line":17,"column":4},"end":{"line":23,"column":null}},"8":{"start":{"line":18,"column":6},"end":{"line":18,"column":null}},"9":{"start":{"line":19,"column":6},"end":{"line":19,"column":null}},"10":{"start":{"line":21,"column":6},"end":{"line":21,"column":null}},"11":{"start":{"line":22,"column":6},"end":{"line":22,"column":null}},"12":{"start":{"line":26,"column":2},"end":{"line":38,"column":null}}},"fnMap":{"0":{"name":"ThemeToggle","decl":{"start":{"line":5,"column":16},"end":{"line":5,"column":30}},"loc":{"start":{"line":5,"column":30},"end":{"line":40,"column":null}},"line":5},"1":{"name":"(anonymous_1)","decl":{"start":{"line":8,"column":12},"end":{"line":8,"column":18}},"loc":{"start":{"line":8,"column":18},"end":{"line":11,"column":5}},"line":8},"2":{"name":"(anonymous_2)","decl":{"start":{"line":13,"column":22},"end":{"line":13,"column":28}},"loc":{"start":{"line":13,"column":28},"end":{"line":24,"column":null}},"line":13}},"branchMap":{"0":{"loc":{"start":{"line":10,"column":13},"end":{"line":10,"column":38}},"type":"cond-expr","locations":[{"start":{"line":10,"column":22},"end":{"line":10,"column":31}},{"start":{"line":10,"column":31},"end":{"line":10,"column":38}}],"line":10},"1":{"loc":{"start":{"line":14,"column":21},"end":{"line":14,"column":null}},"type":"cond-expr","locations":[{"start":{"line":14,"column":41},"end":{"line":14,"column":50}},{"start":{"line":14,"column":50},"end":{"line":14,"column":null}}],"line":14},"2":{"loc":{"start":{"line":17,"column":4},"end":{"line":23,"column":null}},"type":"if","locations":[{"start":{"line":17,"column":4},"end":{"line":23,"column":null}},{"start":{"line":20,"column":11},"end":{"line":23,"column":null}}],"line":17},"3":{"loc":{"start":{"line":31,"column":31},"end":{"line":31,"column":67}},"type":"cond-expr","locations":[{"start":{"line":31,"column":51},"end":{"line":31,"column":60}},{"start":{"line":31,"column":60},"end":{"line":31,"column":67}}],"line":31},"4":{"loc":{"start":{"line":33,"column":7},"end":{"line":36,"column":null}},"type":"cond-expr","locations":[{"start":{"line":34,"column":8},"end":{"line":34,"column":null}},{"start":{"line":36,"column":8},"end":{"line":36,"column":null}}],"line":33}},"s":{"0":0,"1":0,"2":0,"3":0,"4":0,"5":0,"6":0,"7":0,"8":0,"9":0,"10":0,"11":0,"12":0},"f":{"0":0,"1":0,"2":0},"b":{"0":[0,0],"1":[0,0],"2":[0,0],"3":[0,0],"4":[0,0]},"meta":{"lastBranch":5,"lastFunction":3,"lastStatement":13,"seen":{"f:5:16:5:30":0,"s:6:24:6:Infinity":0,"s:8:2:11:Infinity":1,"f:8:12:8:18":1,"s:9:19:9:Infinity":2,"s:10:4:10:Infinity":3,"b:10:22:10:31:10:31:10:38":0,"s:13:22:24:Infinity":4,"f:13:22:13:28":2,"s:14:21:14:Infinity":5,"b:14:41:14:50:14:50:14:Infinity":1,"s:15:4:15:Infinity":6,"b:17:4:23:Infinity:20:11:23:Infinity":2,"s:17:4:23:Infinity":7,"s:18:6:18:Infinity":8,"s:19:6:19:Infinity":9,"s:21:6:21:Infinity":10,"s:22:6:22:Infinity":11,"s:26:2:38:Infinity":12,"b:31:51:31:60:31:60:31:67":3,"b:34:8:34:Infinity:36:8:36:Infinity":4}}}
,"/Users/art/code/git-user-info/src/components/layout/index.ts": {"path":"/Users/art/code/git-user-info/src/components/layout/index.ts","statementMap":{},"fnMap":{},"branchMap":{},"s":{},"f":{},"b":{},"meta":{"lastBranch":0,"lastFunction":0,"lastStatement":0,"seen":{}}}
,"/Users/art/code/git-user-info/src/components/repository/RepositoryEmpty.tsx": {"path":"/Users/art/code/git-user-info/src/components/repository/RepositoryEmpty.tsx","statementMap":{"0":{"start":{"line":45,"column":27},"end":{"line":47,"column":null}},"1":{"start":{"line":49,"column":2},"end":{"line":54,"column":null}}},"fnMap":{"0":{"name":"RepositoryEmpty","decl":{"start":{"line":40,"column":16},"end":{"line":40,"column":32}},"loc":{"start":{"line":44,"column":10},"end":{"line":56,"column":null}},"line":44}},"branchMap":{"0":{"loc":{"start":{"line":41,"column":2},"end":{"line":41,"column":null}},"type":"default-arg","locations":[{"start":{"line":41,"column":10},"end":{"line":41,"column":null}}],"line":41},"1":{"loc":{"start":{"line":42,"column":2},"end":{"line":42,"column":null}},"type":"default-arg","locations":[{"start":{"line":42,"column":16},"end":{"line":42,"column":null}}],"line":42},"2":{"loc":{"start":{"line":43,"column":2},"end":{"line":43,"column":null}},"type":"default-arg","locations":[{"start":{"line":43,"column":15},"end":{"line":43,"column":null}}],"line":43},"3":{"loc":{"start":{"line":45,"column":27},"end":{"line":47,"column":null}},"type":"cond-expr","locations":[{"start":{"line":46,"column":6},"end":{"line":46,"column":null}},{"start":{"line":47,"column":6},"end":{"line":47,"column":null}}],"line":45}},"s":{"0":5,"1":5},"f":{"0":5},"b":{"0":[5],"1":[5],"2":[5],"3":[2,3]},"meta":{"lastBranch":4,"lastFunction":1,"lastStatement":2,"seen":{"f:40:16:40:32":0,"b:41:10:41:Infinity":0,"b:42:16:42:Infinity":1,"b:43:15:43:Infinity":2,"s:45:27:47:Infinity":0,"b:46:6:46:Infinity:47:6:47:Infinity":3,"s:49:2:54:Infinity":1}}}
,"/Users/art/code/git-user-info/src/components/repository/RepositoryTable.tsx": {"path":"/Users/art/code/git-user-info/src/components/repository/RepositoryTable.tsx","statementMap":{"0":{"start":{"line":69,"column":2},"end":{"line":71,"column":null}},"1":{"start":{"line":70,"column":4},"end":{"line":70,"column":null}},"2":{"start":{"line":72,"column":2},"end":{"line":74,"column":null}},"3":{"start":{"line":73,"column":4},"end":{"line":73,"column":null}},"4":{"start":{"line":75,"column":2},"end":{"line":75,"column":null}},"5":{"start":{"line":112,"column":2},"end":{"line":114,"column":null}},"6":{"start":{"line":113,"column":4},"end":{"line":113,"column":null}},"7":{"start":{"line":117,"column":2},"end":{"line":124,"column":null}},"8":{"start":{"line":118,"column":4},"end":{"line":122,"column":null}},"9":{"start":{"line":127,"column":2},"end":{"line":135,"column":null}},"10":{"start":{"line":128,"column":4},"end":{"line":133,"column":null}},"11":{"start":{"line":137,"column":2},"end":{"line":264,"column":null}},"12":{"start":{"line":170,"column":30},"end":{"line":172,"column":null}},"13":{"start":{"line":174,"column":32},"end":{"line":178,"column":null}},"14":{"start":{"line":175,"column":14},"end":{"line":177,"column":null}},"15":{"start":{"line":176,"column":16},"end":{"line":176,"column":null}},"16":{"start":{"line":180,"column":34},"end":{"line":185,"column":null}},"17":{"start":{"line":181,"column":14},"end":{"line":184,"column":null}},"18":{"start":{"line":182,"column":16},"end":{"line":182,"column":null}},"19":{"start":{"line":183,"column":16},"end":{"line":183,"column":null}},"20":{"start":{"line":187,"column":12},"end":{"line":259,"column":null}},"21":{"start":{"line":204,"column":38},"end":{"line":204,"column":null}}},"fnMap":{"0":{"name":"formatNumber","decl":{"start":{"line":68,"column":9},"end":{"line":68,"column":22}},"loc":{"start":{"line":68,"column":43},"end":{"line":76,"column":null}},"line":68},"1":{"name":"RepositoryTable","decl":{"start":{"line":98,"column":16},"end":{"line":98,"column":32}},"loc":{"start":{"line":110,"column":10},"end":{"line":266,"column":null}},"line":110},"2":{"name":"(anonymous_2)","decl":{"start":{"line":169,"column":28},"end":{"line":169,"column":29}},"loc":{"start":{"line":169,"column":44},"end":{"line":261,"column":11}},"line":169},"3":{"name":"(anonymous_3)","decl":{"start":{"line":174,"column":32},"end":{"line":174,"column":38}},"loc":{"start":{"line":174,"column":38},"end":{"line":178,"column":null}},"line":174},"4":{"name":"(anonymous_4)","decl":{"start":{"line":180,"column":34},"end":{"line":180,"column":35}},"loc":{"start":{"line":180,"column":62},"end":{"line":185,"column":null}},"line":180},"5":{"name":"(anonymous_5)","decl":{"start":{"line":204,"column":31},"end":{"line":204,"column":32}},"loc":{"start":{"line":204,"column":38},"end":{"line":204,"column":null}},"line":204}},"branchMap":{"0":{"loc":{"start":{"line":69,"column":2},"end":{"line":71,"column":null}},"type":"if","locations":[{"start":{"line":69,"column":2},"end":{"line":71,"column":null}},{"start":{},"end":{}}],"line":69},"1":{"loc":{"start":{"line":72,"column":2},"end":{"line":74,"column":null}},"type":"if","locations":[{"start":{"line":72,"column":2},"end":{"line":74,"column":null}},{"start":{},"end":{}}],"line":72},"2":{"loc":{"start":{"line":100,"column":2},"end":{"line":100,"column":null}},"type":"default-arg","locations":[{"start":{"line":100,"column":12},"end":{"line":100,"column":null}}],"line":100},"3":{"loc":{"start":{"line":101,"column":2},"end":{"line":101,"column":null}},"type":"default-arg","locations":[{"start":{"line":101,"column":10},"end":{"line":101,"column":null}}],"line":101},"4":{"loc":{"start":{"line":102,"column":2},"end":{"line":102,"column":null}},"type":"default-arg","locations":[{"start":{"line":102,"column":21},"end":{"line":102,"column":null}}],"line":102},"5":{"loc":{"start":{"line":104,"column":2},"end":{"line":104,"column":null}},"type":"default-arg","locations":[{"start":{"line":104,"column":12},"end":{"line":104,"column":null}}],"line":104},"6":{"loc":{"start":{"line":105,"column":2},"end":{"line":105,"column":null}},"type":"default-arg","locations":[{"start":{"line":105,"column":19},"end":{"line":105,"column":null}}],"line":105},"7":{"loc":{"start":{"line":112,"column":2},"end":{"line":114,"column":null}},"type":"if","locations":[{"start":{"line":112,"column":2},"end":{"line":114,"column":null}},{"start":{},"end":{}}],"line":112},"8":{"loc":{"start":{"line":117,"column":2},"end":{"line":124,"column":null}},"type":"if","locations":[{"start":{"line":117,"column":2},"end":{"line":124,"column":null}},{"start":{},"end":{}}],"line":117},"9":{"loc":{"start":{"line":120,"column":15},"end":{"line":120,"column":null}},"type":"binary-expr","locations":[{"start":{"line":120,"column":15},"end":{"line":120,"column":29}},{"start":{"line":120,"column":29},"end":{"line":120,"column":null}}],"line":120},"10":{"loc":{"start":{"line":121,"column":17},"end":{"line":121,"column":null}},"type":"binary-expr","locations":[{"start":{"line":121,"column":17},"end":{"line":121,"column":37}},{"start":{"line":121,"column":37},"end":{"line":121,"column":null}}],"line":121},"11":{"loc":{"start":{"line":127,"column":2},"end":{"line":135,"column":null}},"type":"if","locations":[{"start":{"line":127,"column":2},"end":{"line":135,"column":null}},{"start":{},"end":{}}],"line":127},"12":{"loc":{"start":{"line":143,"column":13},"end":{"line":143,"column":null}},"type":"binary-expr","locations":[{"start":{"line":143,"column":13},"end":{"line":143,"column":25}},{"start":{"line":143,"column":25},"end":{"line":143,"column":null}}],"line":143},"13":{"loc":{"start":{"line":156,"column":13},"end":{"line":162,"column":null}},"type":"binary-expr","locations":[{"start":{"line":156,"column":13},"end":{"line":156,"column":null}},{"start":{"line":157,"column":14},"end":{"line":162,"column":null}}],"line":156},"14":{"loc":{"start":{"line":164,"column":13},"end":{"line":164,"column":null}},"type":"binary-expr","locations":[{"start":{"line":164,"column":13},"end":{"line":164,"column":25}},{"start":{"line":164,"column":25},"end":{"line":164,"column":null}}],"line":164},"15":{"loc":{"start":{"line":170,"column":30},"end":{"line":172,"column":null}},"type":"cond-expr","locations":[{"start":{"line":170,"column":41},"end":{"line":171,"column":null}},{"start":{"line":172,"column":16},"end":{"line":172,"column":null}}],"line":170},"16":{"loc":{"start":{"line":175,"column":14},"end":{"line":177,"column":null}},"type":"if","locations":[{"start":{"line":175,"column":14},"end":{"line":177,"column":null}},{"start":{},"end":{}}],"line":175},"17":{"loc":{"start":{"line":181,"column":14},"end":{"line":184,"column":null}},"type":"if","locations":[{"start":{"line":181,"column":14},"end":{"line":184,"column":null}},{"start":{},"end":{}}],"line":181},"18":{"loc":{"start":{"line":181,"column":18},"end":{"line":181,"column":77}},"type":"binary-expr","locations":[{"start":{"line":181,"column":18},"end":{"line":181,"column":40}},{"start":{"line":181,"column":40},"end":{"line":181,"column":61}},{"start":{"line":181,"column":61},"end":{"line":181,"column":77}}],"line":181},"19":{"loc":{"start":{"line":190,"column":27},"end":{"line":190,"column":null}},"type":"cond-expr","locations":[{"start":{"line":190,"column":47},"end":{"line":190,"column":66}},{"start":{"line":190,"column":66},"end":{"line":190,"column":null}}],"line":190},"20":{"loc":{"start":{"line":193,"column":26},"end":{"line":193,"column":null}},"type":"cond-expr","locations":[{"start":{"line":193,"column":46},"end":{"line":193,"column":50}},{"start":{"line":193,"column":50},"end":{"line":193,"column":null}}],"line":193},"21":{"loc":{"start":{"line":194,"column":22},"end":{"line":194,"column":null}},"type":"cond-expr","locations":[{"start":{"line":194,"column":42},"end":{"line":194,"column":53}},{"start":{"line":194,"column":53},"end":{"line":194,"column":null}}],"line":194},"22":{"loc":{"start":{"line":195,"column":28},"end":{"line":195,"column":null}},"type":"cond-expr","locations":[{"start":{"line":195,"column":48},"end":{"line":195,"column":87}},{"start":{"line":195,"column":87},"end":{"line":195,"column":null}}],"line":195},"23":{"loc":{"start":{"line":209,"column":21},"end":{"line":212,"column":null}},"type":"binary-expr","locations":[{"start":{"line":209,"column":21},"end":{"line":209,"column":null}},{"start":{"line":210,"column":22},"end":{"line":212,"column":null}}],"line":209},"24":{"loc":{"start":{"line":214,"column":21},"end":{"line":218,"column":null}},"type":"binary-expr","locations":[{"start":{"line":214,"column":21},"end":{"line":214,"column":null}},{"start":{"line":215,"column":22},"end":{"line":218,"column":null}}],"line":214},"25":{"loc":{"start":{"line":223,"column":17},"end":{"line":226,"column":null}},"type":"binary-expr","locations":[{"start":{"line":223,"column":17},"end":{"line":223,"column":null}},{"start":{"line":224,"column":18},"end":{"line":226,"column":null}}],"line":223},"26":{"loc":{"start":{"line":225,"column":21},"end":{"line":225,"column":null}},"type":"binary-expr","locations":[{"start":{"line":225,"column":21},"end":{"line":225,"column":47}},{"start":{"line":225,"column":47},"end":{"line":225,"column":null}}],"line":225},"27":{"loc":{"start":{"line":237,"column":17},"end":{"line":243,"column":null}},"type":"binary-expr","locations":[{"start":{"line":237,"column":17},"end":{"line":237,"column":null}},{"start":{"line":238,"column":18},"end":{"line":243,"column":null}}],"line":237},"28":{"loc":{"start":{"line":246,"column":17},"end":{"line":253,"column":null}},"type":"binary-expr","locations":[{"start":{"line":246,"column":17},"end":{"line":246,"column":null}},{"start":{"line":247,"column":18},"end":{"line":253,"column":null}}],"line":246},"29":{"loc":{"start":{"line":248,"column":21},"end":{"line":251,"column":null}},"type":"cond-expr","locations":[{"start":{"line":249,"column":22},"end":{"line":249,"column":null}},{"start":{"line":251,"column":22},"end":{"line":251,"column":null}}],"line":248}},"s":{"0":285,"1":1,"2":284,"3":12,"4":272,"5":48,"6":5,"7":43,"8":4,"9":39,"10":5,"11":34,"12":99,"13":99,"14":1,"15":1,"16":99,"17":2,"18":2,"19":2,"20":99,"21":1},"f":{"0":285,"1":48,"2":99,"3":1,"4":2,"5":1},"b":{"0":[1,284],"1":[12,272],"2":[48],"3":[48],"4":[48],"5":[48],"6":[48],"7":[5,43],"8":[4,39],"9":[4,3],"10":[4,3],"11":[5,34],"12":[34,30],"13":[48,30],"14":[48,30],"15":[98,1],"16":[1,0],"17":[2,0],"18":[2,2,1],"19":[15,84],"20":[15,84],"21":[15,84],"22":[15,84],"23":[99,1],"24":[99,1],"25":[99,87],"26":[87,1],"27":[99,87],"28":[99,87],"29":[86,1]},"meta":{"lastBranch":30,"lastFunction":6,"lastStatement":22,"seen":{"f:68:9:68:22":0,"b:69:2:71:Infinity:undefined:undefined:undefined:undefined":0,"s:69:2:71:Infinity":0,"s:70:4:70:Infinity":1,"b:72:2:74:Infinity:undefined:undefined:undefined:undefined":1,"s:72:2:74:Infinity":2,"s:73:4:73:Infinity":3,"s:75:2:75:Infinity":4,"f:98:16:98:32":1,"b:100:12:100:Infinity":2,"b:101:10:101:Infinity":3,"b:102:21:102:Infinity":4,"b:104:12:104:Infinity":5,"b:105:19:105:Infinity":6,"b:112:2:114:Infinity:undefined:undefined:undefined:undefined":7,"s:112:2:114:Infinity":5,"s:113:4:113:Infinity":6,"b:117:2:124:Infinity:undefined:undefined:undefined:undefined":8,"s:117:2:124:Infinity":7,"s:118:4:122:Infinity":8,"b:120:15:120:29:120:29:120:Infinity":9,"b:121:17:121:37:121:37:121:Infinity":10,"b:127:2:135:Infinity:undefined:undefined:undefined:undefined":11,"s:127:2:135:Infinity":9,"s:128:4:133:Infinity":10,"s:137:2:264:Infinity":11,"b:143:13:143:25:143:25:143:Infinity":12,"b:156:13:156:Infinity:157:14:162:Infinity":13,"b:164:13:164:25:164:25:164:Infinity":14,"f:169:28:169:29":2,"s:170:30:172:Infinity":12,"b:170:41:171:Infinity:172:16:172:Infinity":15,"s:174:32:178:Infinity":13,"f:174:32:174:38":3,"b:175:14:177:Infinity:undefined:undefined:undefined:undefined":16,"s:175:14:177:Infinity":14,"s:176:16:176:Infinity":15,"s:180:34:185:Infinity":16,"f:180:34:180:35":4,"b:181:14:184:Infinity:undefined:undefined:undefined:undefined":17,"s:181:14:184:Infinity":17,"b:181:18:181:40:181:40:181:61:181:61:181:77":18,"s:182:16:182:Infinity":18,"s:183:16:183:Infinity":19,"s:187:12:259:Infinity":20,"b:190:47:190:66:190:66:190:Infinity":19,"b:193:46:193:50:193:50:193:Infinity":20,"b:194:42:194:53:194:53:194:Infinity":21,"b:195:48:195:87:195:87:195:Infinity":22,"f:204:31:204:32":5,"s:204:38:204:Infinity":21,"b:209:21:209:Infinity:210:22:212:Infinity":23,"b:214:21:214:Infinity:215:22:218:Infinity":24,"b:223:17:223:Infinity:224:18:226:Infinity":25,"b:225:21:225:47:225:47:225:Infinity":26,"b:237:17:237:Infinity:238:18:243:Infinity":27,"b:246:17:246:Infinity:247:18:253:Infinity":28,"b:249:22:249:Infinity:251:22:251:Infinity":29}}}
,"/Users/art/code/git-user-info/src/components/ui/alert.tsx": {"path":"/Users/art/code/git-user-info/src/components/ui/alert.tsx","statementMap":{"0":{"start":{"line":6,"column":6},"end":{"line":20,"column":null}},"1":{"start":{"line":27,"column":2},"end":{"line":33,"column":null}},"2":{"start":{"line":38,"column":2},"end":{"line":46,"column":null}},"3":{"start":{"line":54,"column":2},"end":{"line":62,"column":null}}},"fnMap":{"0":{"name":"Alert","decl":{"start":{"line":22,"column":9},"end":{"line":22,"column":15}},"loc":{"start":{"line":26,"column":69},"end":{"line":35,"column":null}},"line":26},"1":{"name":"AlertTitle","decl":{"start":{"line":37,"column":9},"end":{"line":37,"column":20}},"loc":{"start":{"line":37,"column":74},"end":{"line":48,"column":null}},"line":37},"2":{"name":"AlertDescription","decl":{"start":{"line":50,"column":9},"end":{"line":50,"column":26}},"loc":{"start":{"line":53,"column":32},"end":{"line":64,"column":null}},"line":53}},"branchMap":{},"s":{"0":1,"1":4,"2":4,"3":4},"f":{"0":4,"1":4,"2":4},"b":{},"meta":{"lastBranch":0,"lastFunction":3,"lastStatement":4,"seen":{"s:6:6:20:Infinity":0,"f:22:9:22:15":0,"s:27:2:33:Infinity":1,"f:37:9:37:20":1,"s:38:2:46:Infinity":2,"f:50:9:50:26":2,"s:54:2:62:Infinity":3}}}
,"/Users/art/code/git-user-info/src/components/ui/badge.tsx": {"path":"/Users/art/code/git-user-info/src/components/ui/badge.tsx","statementMap":{"0":{"start":{"line":7,"column":6},"end":{"line":26,"column":null}},"1":{"start":{"line":35,"column":15},"end":{"line":35,"column":null}},"2":{"start":{"line":37,"column":2},"end":{"line":42,"column":null}}},"fnMap":{"0":{"name":"Badge","decl":{"start":{"line":28,"column":9},"end":{"line":28,"column":15}},"loc":{"start":{"line":34,"column":62},"end":{"line":44,"column":null}},"line":34}},"branchMap":{"0":{"loc":{"start":{"line":31,"column":2},"end":{"line":31,"column":null}},"type":"default-arg","locations":[{"start":{"line":31,"column":12},"end":{"line":31,"column":null}}],"line":31},"1":{"loc":{"start":{"line":35,"column":15},"end":{"line":35,"column":null}},"type":"cond-expr","locations":[{"start":{"line":35,"column":25},"end":{"line":35,"column":32}},{"start":{"line":35,"column":32},"end":{"line":35,"column":null}}],"line":35}},"s":{"0":1,"1":88,"2":88},"f":{"0":88},"b":{"0":[88],"1":[0,88]},"meta":{"lastBranch":2,"lastFunction":1,"lastStatement":3,"seen":{"s:7:6:26:Infinity":0,"f:28:9:28:15":0,"b:31:12:31:Infinity":0,"s:35:15:35:Infinity":1,"b:35:25:35:32:35:32:35:Infinity":1,"s:37:2:42:Infinity":2}}}
,"/Users/art/code/git-user-info/src/components/ui/button.tsx": {"path":"/Users/art/code/git-user-info/src/components/ui/button.tsx","statementMap":{"0":{"start":{"line":7,"column":6},"end":{"line":36,"column":null}},"1":{"start":{"line":48,"column":15},"end":{"line":48,"column":null}},"2":{"start":{"line":50,"column":2},"end":{"line":55,"column":null}}},"fnMap":{"0":{"name":"Button","decl":{"start":{"line":38,"column":9},"end":{"line":38,"column":16}},"loc":{"start":{"line":47,"column":5},"end":{"line":57,"column":null}},"line":47}},"branchMap":{"0":{"loc":{"start":{"line":42,"column":2},"end":{"line":42,"column":null}},"type":"default-arg","locations":[{"start":{"line":42,"column":12},"end":{"line":42,"column":null}}],"line":42},"1":{"loc":{"start":{"line":48,"column":15},"end":{"line":48,"column":null}},"type":"cond-expr","locations":[{"start":{"line":48,"column":25},"end":{"line":48,"column":32}},{"start":{"line":48,"column":32},"end":{"line":48,"column":null}}],"line":48}},"s":{"0":1,"1":0,"2":0},"f":{"0":0},"b":{"0":[0],"1":[0,0]},"meta":{"lastBranch":2,"lastFunction":1,"lastStatement":3,"seen":{"s:7:6:36:Infinity":0,"f:38:9:38:16":0,"b:42:12:42:Infinity":0,"s:48:15:48:Infinity":1,"b:48:25:48:32:48:32:48:Infinity":1,"s:50:2:55:Infinity":2}}}
,"/Users/art/code/git-user-info/src/components/ui/card.tsx": {"path":"/Users/art/code/git-user-info/src/components/ui/card.tsx","statementMap":{"0":{"start":{"line":6,"column":2},"end":{"line":14,"column":null}},"1":{"start":{"line":19,"column":2},"end":{"line":27,"column":null}},"2":{"start":{"line":32,"column":2},"end":{"line":37,"column":null}},"3":{"start":{"line":42,"column":2},"end":{"line":47,"column":null}},"4":{"start":{"line":52,"column":2},"end":{"line":60,"column":null}},"5":{"start":{"line":65,"column":2},"end":{"line":70,"column":null}},"6":{"start":{"line":75,"column":2},"end":{"line":80,"column":null}}},"fnMap":{"0":{"name":"Card","decl":{"start":{"line":5,"column":9},"end":{"line":5,"column":14}},"loc":{"start":{"line":5,"column":68},"end":{"line":16,"column":null}},"line":5},"1":{"name":"CardHeader","decl":{"start":{"line":18,"column":9},"end":{"line":18,"column":20}},"loc":{"start":{"line":18,"column":74},"end":{"line":29,"column":null}},"line":18},"2":{"name":"CardTitle","decl":{"start":{"line":31,"column":9},"end":{"line":31,"column":19}},"loc":{"start":{"line":31,"column":73},"end":{"line":39,"column":null}},"line":31},"3":{"name":"CardDescription","decl":{"start":{"line":41,"column":9},"end":{"line":41,"column":25}},"loc":{"start":{"line":41,"column":79},"end":{"line":49,"column":null}},"line":41},"4":{"name":"CardAction","decl":{"start":{"line":51,"column":9},"end":{"line":51,"column":20}},"loc":{"start":{"line":51,"column":74},"end":{"line":62,"column":null}},"line":51},"5":{"name":"CardContent","decl":{"start":{"line":64,"column":9},"end":{"line":64,"column":21}},"loc":{"start":{"line":64,"column":75},"end":{"line":72,"column":null}},"line":64},"6":{"name":"CardFooter","decl":{"start":{"line":74,"column":9},"end":{"line":74,"column":20}},"loc":{"start":{"line":74,"column":74},"end":{"line":82,"column":null}},"line":74}},"branchMap":{},"s":{"0":0,"1":0,"2":0,"3":0,"4":0,"5":0,"6":0},"f":{"0":0,"1":0,"2":0,"3":0,"4":0,"5":0,"6":0},"b":{},"meta":{"lastBranch":0,"lastFunction":7,"lastStatement":7,"seen":{"f:5:9:5:14":0,"s:6:2:14:Infinity":0,"f:18:9:18:20":1,"s:19:2:27:Infinity":1,"f:31:9:31:19":2,"s:32:2:37:Infinity":2,"f:41:9:41:25":3,"s:42:2:47:Infinity":3,"f:51:9:51:20":4,"s:52:2:60:Infinity":4,"f:64:9:64:21":5,"s:65:2:70:Infinity":5,"f:74:9:74:20":6,"s:75:2:80:Infinity":6}}}
,"/Users/art/code/git-user-info/src/components/ui/separator.tsx": {"path":"/Users/art/code/git-user-info/src/components/ui/separator.tsx","statementMap":{"0":{"start":{"line":12,"column":2},"end":{"line":22,"column":null}}},"fnMap":{"0":{"name":"Separator","decl":{"start":{"line":6,"column":9},"end":{"line":6,"column":19}},"loc":{"start":{"line":11,"column":57},"end":{"line":24,"column":null}},"line":11}},"branchMap":{"0":{"loc":{"start":{"line":8,"column":2},"end":{"line":8,"column":null}},"type":"default-arg","locations":[{"start":{"line":8,"column":16},"end":{"line":8,"column":null}}],"line":8},"1":{"loc":{"start":{"line":9,"column":2},"end":{"line":9,"column":null}},"type":"default-arg","locations":[{"start":{"line":9,"column":15},"end":{"line":9,"column":null}}],"line":9}},"s":{"0":0},"f":{"0":0},"b":{"0":[0],"1":[0]},"meta":{"lastBranch":2,"lastFunction":1,"lastStatement":1,"seen":{"f:6:9:6:19":0,"b:8:16:8:Infinity":0,"b:9:15:9:Infinity":1,"s:12:2:22:Infinity":0}}}
,"/Users/art/code/git-user-info/src/components/ui/skeleton.tsx": {"path":"/Users/art/code/git-user-info/src/components/ui/skeleton.tsx","statementMap":{"0":{"start":{"line":4,"column":2},"end":{"line":9,"column":null}}},"fnMap":{"0":{"name":"Skeleton","decl":{"start":{"line":3,"column":9},"end":{"line":3,"column":18}},"loc":{"start":{"line":3,"column":72},"end":{"line":11,"column":null}},"line":3}},"branchMap":{},"s":{"0":15},"f":{"0":15},"b":{},"meta":{"lastBranch":0,"lastFunction":1,"lastStatement":1,"seen":{"f:3:9:3:18":0,"s:4:2:9:Infinity":0}}}
,"/Users/art/code/git-user-info/src/components/ui/table.tsx": {"path":"/Users/art/code/git-user-info/src/components/ui/table.tsx","statementMap":{"0":{"start":{"line":6,"column":2},"end":{"line":16,"column":null}},"1":{"start":{"line":21,"column":2},"end":{"line":26,"column":null}},"2":{"start":{"line":31,"column":2},"end":{"line":36,"column":null}},"3":{"start":{"line":41,"column":2},"end":{"line":49,"column":null}},"4":{"start":{"line":54,"column":2},"end":{"line":62,"column":null}},"5":{"start":{"line":67,"column":2},"end":{"line":75,"column":null}},"6":{"start":{"line":80,"column":2},"end":{"line":88,"column":null}},"7":{"start":{"line":96,"column":2},"end":{"line":101,"column":null}}},"fnMap":{"0":{"name":"Table","decl":{"start":{"line":5,"column":9},"end":{"line":5,"column":15}},"loc":{"start":{"line":5,"column":71},"end":{"line":18,"column":null}},"line":5},"1":{"name":"TableHeader","decl":{"start":{"line":20,"column":9},"end":{"line":20,"column":21}},"loc":{"start":{"line":20,"column":77},"end":{"line":28,"column":null}},"line":20},"2":{"name":"TableBody","decl":{"start":{"line":30,"column":9},"end":{"line":30,"column":19}},"loc":{"start":{"line":30,"column":75},"end":{"line":38,"column":null}},"line":30},"3":{"name":"TableFooter","decl":{"start":{"line":40,"column":9},"end":{"line":40,"column":21}},"loc":{"start":{"line":40,"column":77},"end":{"line":51,"column":null}},"line":40},"4":{"name":"TableRow","decl":{"start":{"line":53,"column":9},"end":{"line":53,"column":18}},"loc":{"start":{"line":53,"column":71},"end":{"line":64,"column":null}},"line":53},"5":{"name":"TableHead","decl":{"start":{"line":66,"column":9},"end":{"line":66,"column":19}},"loc":{"start":{"line":66,"column":72},"end":{"line":77,"column":null}},"line":66},"6":{"name":"TableCell","decl":{"start":{"line":79,"column":9},"end":{"line":79,"column":19}},"loc":{"start":{"line":79,"column":72},"end":{"line":90,"column":null}},"line":79},"7":{"name":"TableCaption","decl":{"start":{"line":92,"column":9},"end":{"line":92,"column":22}},"loc":{"start":{"line":95,"column":36},"end":{"line":103,"column":null}},"line":95}},"branchMap":{},"s":{"0":34,"1":34,"2":34,"3":0,"4":133,"5":226,"6":657,"7":0},"f":{"0":34,"1":34,"2":34,"3":0,"4":133,"5":226,"6":657,"7":0},"b":{},"meta":{"lastBranch":0,"lastFunction":8,"lastStatement":8,"seen":{"f:5:9:5:15":0,"s:6:2:16:Infinity":0,"f:20:9:20:21":1,"s:21:2:26:Infinity":1,"f:30:9:30:19":2,"s:31:2:36:Infinity":2,"f:40:9:40:21":3,"s:41:2:49:Infinity":3,"f:53:9:53:18":4,"s:54:2:62:Infinity":4,"f:66:9:66:19":5,"s:67:2:75:Infinity":5,"f:79:9:79:19":6,"s:80:2:88:Infinity":6,"f:92:9:92:22":7,"s:96:2:101:Infinity":7}}}
,"/Users/art/code/git-user-info/src/components/ui/tabs.tsx": {"path":"/Users/art/code/git-user-info/src/components/ui/tabs.tsx","statementMap":{"0":{"start":{"line":12,"column":2},"end":{"line":17,"column":null}},"1":{"start":{"line":25,"column":2},"end":{"line":33,"column":null}},"2":{"start":{"line":41,"column":2},"end":{"line":49,"column":null}},"3":{"start":{"line":57,"column":2},"end":{"line":62,"column":null}}},"fnMap":{"0":{"name":"Tabs","decl":{"start":{"line":8,"column":9},"end":{"line":8,"column":14}},"loc":{"start":{"line":11,"column":52},"end":{"line":19,"column":null}},"line":11},"1":{"name":"TabsList","decl":{"start":{"line":21,"column":9},"end":{"line":21,"column":18}},"loc":{"start":{"line":24,"column":52},"end":{"line":35,"column":null}},"line":24},"2":{"name":"TabsTrigger","decl":{"start":{"line":37,"column":9},"end":{"line":37,"column":21}},"loc":{"start":{"line":40,"column":55},"end":{"line":51,"column":null}},"line":40},"3":{"name":"TabsContent","decl":{"start":{"line":53,"column":9},"end":{"line":53,"column":21}},"loc":{"start":{"line":56,"column":55},"end":{"line":64,"column":null}},"line":56}},"branchMap":{},"s":{"0":0,"1":0,"2":0,"3":0},"f":{"0":0,"1":0,"2":0,"3":0},"b":{},"meta":{"lastBranch":0,"lastFunction":4,"lastStatement":4,"seen":{"f:8:9:8:14":0,"s:12:2:17:Infinity":0,"f:21:9:21:18":1,"s:25:2:33:Infinity":1,"f:37:9:37:21":2,"s:41:2:49:Infinity":2,"f:53:9:53:21":3,"s:57:2:62:Infinity":3}}}
,"/Users/art/code/git-user-info/src/lib/utils.ts": {"path":"/Users/art/code/git-user-info/src/lib/utils.ts","statementMap":{"0":{"start":{"line":37,"column":2},"end":{"line":37,"column":null}}},"fnMap":{"0":{"name":"cn","decl":{"start":{"line":36,"column":16},"end":{"line":36,"column":22}},"loc":{"start":{"line":36,"column":44},"end":{"line":38,"column":null}},"line":36}},"branchMap":{},"s":{"0":1233},"f":{"0":1233},"b":{},"meta":{"lastBranch":0,"lastFunction":1,"lastStatement":1,"seen":{"f:36:16:36:22":0,"s:37:2:37:Infinity":0}}}
}
