{"/Users/art/code/git-user-info/src/apollo/ApolloAppProvider.tsx": {"path":"/Users/art/code/git-user-info/src/apollo/ApolloAppProvider.tsx","statementMap":{"0":{"start":{"line":20,"column":6},"end":{"line":22,"column":null}},"1":{"start":{"line":25,"column":6},"end":{"line":36,"column":null}},"2":{"start":{"line":26,"column":19},"end":{"line":26,"column":null}},"3":{"start":{"line":27,"column":22},"end":{"line":27,"column":null}},"4":{"start":{"line":28,"column":16},"end":{"line":28,"column":null}},"5":{"start":{"line":29,"column":2},"end":{"line":35,"column":null}},"6":{"start":{"line":39,"column":6},"end":{"line":62,"column":null}},"7":{"start":{"line":41,"column":2},"end":{"line":51,"column":null}},"8":{"start":{"line":42,"column":4},"end":{"line":50,"column":null}},"9":{"start":{"line":43,"column":29},"end":{"line":43,"column":null}},"10":{"start":{"line":44,"column":6},"end":{"line":44,"column":null}},"11":{"start":{"line":45,"column":6},"end":{"line":45,"column":null}},"12":{"start":{"line":47,"column":6},"end":{"line":49,"column":null}},"13":{"start":{"line":48,"column":8},"end":{"line":48,"column":null}},"14":{"start":{"line":53,"column":2},"end":{"line":61,"column":null}},"15":{"start":{"line":55,"column":4},"end":{"line":57,"column":null}},"16":{"start":{"line":56,"column":6},"end":{"line":56,"column":null}},"17":{"start":{"line":58,"column":25},"end":{"line":58,"column":null}},"18":{"start":{"line":59,"column":4},"end":{"line":59,"column":null}},"19":{"start":{"line":60,"column":4},"end":{"line":60,"column":null}},"20":{"start":{"line":65,"column":13},"end":{"line":65,"column":null}},"21":{"start":{"line":68,"column":15},"end":{"line":71,"column":null}},"22":{"start":{"line":102,"column":2},"end":{"line":102,"column":null}}},"fnMap":{"0":{"name":"(anonymous_0)","decl":{"start":{"line":25,"column":28},"end":{"line":25,"column":29}},"loc":{"start":{"line":25,"column":48},"end":{"line":36,"column":1}},"line":25},"1":{"name":"(anonymous_1)","decl":{"start":{"line":39,"column":26},"end":{"line":39,"column":27}},"loc":{"start":{"line":39,"column":63},"end":{"line":62,"column":1}},"line":39},"2":{"name":"(anonymous_2)","decl":{"start":{"line":42,"column":26},"end":{"line":42,"column":27}},"loc":{"start":{"line":42,"column":55},"end":{"line":50,"column":5}},"line":42},"3":{"name":"ApolloAppProvider","decl":{"start":{"line":101,"column":16},"end":{"line":101,"column":34}},"loc":{"start":{"line":101,"column":79},"end":{"line":103,"column":null}},"line":101}},"branchMap":{"0":{"loc":{"start":{"line":28,"column":16},"end":{"line":28,"column":null}},"type":"binary-expr","locations":[{"start":{"line":28,"column":16},"end":{"line":28,"column":28}},{"start":{"line":28,"column":28},"end":{"line":28,"column":null}}],"line":28},"1":{"loc":{"start":{"line":33,"column":21},"end":{"line":33,"column":null}},"type":"cond-expr","locations":[{"start":{"line":33,"column":29},"end":{"line":33,"column":49}},{"start":{"line":33,"column":49},"end":{"line":33,"column":null}}],"line":33},"2":{"loc":{"start":{"line":41,"column":2},"end":{"line":51,"column":null}},"type":"if","locations":[{"start":{"line":41,"column":2},"end":{"line":51,"column":null}},{"start":{},"end":{}}],"line":41},"3":{"loc":{"start":{"line":47,"column":6},"end":{"line":49,"column":null}},"type":"if","locations":[{"start":{"line":47,"column":6},"end":{"line":49,"column":null}},{"start":{},"end":{}}],"line":47},"4":{"loc":{"start":{"line":53,"column":2},"end":{"line":61,"column":null}},"type":"if","locations":[{"start":{"line":53,"column":2},"end":{"line":61,"column":null}},{"start":{},"end":{}}],"line":53},"5":{"loc":{"start":{"line":55,"column":4},"end":{"line":57,"column":null}},"type":"if","locations":[{"start":{"line":55,"column":4},"end":{"line":57,"column":null}},{"start":{},"end":{}}],"line":55},"6":{"loc":{"start":{"line":55,"column":8},"end":{"line":55,"column":73}},"type":"binary-expr","locations":[{"start":{"line":55,"column":8},"end":{"line":55,"column":40}},{"start":{"line":55,"column":40},"end":{"line":55,"column":73}}],"line":55}},"s":{"0":1,"1":1,"2":1,"3":1,"4":1,"5":1,"6":1,"7":0,"8":0,"9":0,"10":0,"11":0,"12":0,"13":0,"14":0,"15":0,"16":0,"17":0,"18":0,"19":0,"20":1,"21":1,"22":8},"f":{"0":1,"1":0,"2":0,"3":8},"b":{"0":[1,0],"1":[1,0],"2":[0,0],"3":[0,0],"4":[0,0],"5":[0,0],"6":[0,0]},"meta":{"lastBranch":7,"lastFunction":4,"lastStatement":23,"seen":{"s:20:6:22:Infinity":0,"s:25:6:36:Infinity":1,"f:25:28:25:29":0,"s:26:19:26:Infinity":2,"s:27:22:27:Infinity":3,"s:28:16:28:Infinity":4,"b:28:16:28:28:28:28:28:Infinity":0,"s:29:2:35:Infinity":5,"b:33:29:33:49:33:49:33:Infinity":1,"s:39:6:62:Infinity":6,"f:39:26:39:27":1,"b:41:2:51:Infinity:undefined:undefined:undefined:undefined":2,"s:41:2:51:Infinity":7,"s:42:4:50:Infinity":8,"f:42:26:42:27":2,"s:43:29:43:Infinity":9,"s:44:6:44:Infinity":10,"s:45:6:45:Infinity":11,"b:47:6:49:Infinity:undefined:undefined:undefined:undefined":3,"s:47:6:49:Infinity":12,"s:48:8:48:Infinity":13,"b:53:2:61:Infinity:undefined:undefined:undefined:undefined":4,"s:53:2:61:Infinity":14,"b:55:4:57:Infinity:undefined:undefined:undefined:undefined":5,"s:55:4:57:Infinity":15,"b:55:8:55:40:55:40:55:73":6,"s:56:6:56:Infinity":16,"s:58:25:58:Infinity":17,"s:59:4:59:Infinity":18,"s:60:4:60:Infinity":19,"s:65:13:65:Infinity":20,"s:68:15:71:Infinity":21,"f:101:16:101:34":3,"s:102:2:102:Infinity":22}}}
,"/Users/art/code/git-user-info/src/apollo/date-helpers.ts": {"path":"/Users/art/code/git-user-info/src/apollo/date-helpers.ts","statementMap":{"0":{"start":{"line":12,"column":26},"end":{"line":14,"column":null}},"1":{"start":{"line":13,"column":4},"end":{"line":13,"column":null}},"2":{"start":{"line":38,"column":36},"end":{"line":59,"column":null}},"3":{"start":{"line":39,"column":32},"end":{"line":39,"column":null}},"4":{"start":{"line":41,"column":26},"end":{"line":41,"column":null}},"5":{"start":{"line":42,"column":26},"end":{"line":42,"column":null}},"6":{"start":{"line":43,"column":26},"end":{"line":43,"column":null}},"7":{"start":{"line":45,"column":4},"end":{"line":58,"column":null}},"8":{"start":{"line":78,"column":31},"end":{"line":86,"column":null}},"9":{"start":{"line":79,"column":21},"end":{"line":79,"column":null}},"10":{"start":{"line":80,"column":23},"end":{"line":80,"column":null}},"11":{"start":{"line":82,"column":4},"end":{"line":85,"column":null}},"12":{"start":{"line":100,"column":31},"end":{"line":108,"column":null}},"13":{"start":{"line":101,"column":32},"end":{"line":101,"column":null}},"14":{"start":{"line":103,"column":4},"end":{"line":107,"column":null}}},"fnMap":{"0":{"name":"(anonymous_0)","decl":{"start":{"line":12,"column":26},"end":{"line":12,"column":27}},"loc":{"start":{"line":12,"column":50},"end":{"line":14,"column":null}},"line":12},"1":{"name":"(anonymous_1)","decl":{"start":{"line":38,"column":36},"end":{"line":38,"column":37}},"loc":{"start":{"line":38,"column":72},"end":{"line":59,"column":null}},"line":38},"2":{"name":"(anonymous_2)","decl":{"start":{"line":78,"column":31},"end":{"line":78,"column":32}},"loc":{"start":{"line":78,"column":91},"end":{"line":86,"column":null}},"line":78},"3":{"name":"(anonymous_3)","decl":{"start":{"line":100,"column":31},"end":{"line":100,"column":32}},"loc":{"start":{"line":100,"column":67},"end":{"line":108,"column":null}},"line":100}},"branchMap":{"0":{"loc":{"start":{"line":38,"column":37},"end":{"line":38,"column":72}},"type":"default-arg","locations":[{"start":{"line":38,"column":57},"end":{"line":38,"column":72}}],"line":38},"1":{"loc":{"start":{"line":78,"column":32},"end":{"line":78,"column":56}},"type":"default-arg","locations":[{"start":{"line":78,"column":51},"end":{"line":78,"column":56}}],"line":78},"2":{"loc":{"start":{"line":78,"column":56},"end":{"line":78,"column":91}},"type":"default-arg","locations":[{"start":{"line":78,"column":76},"end":{"line":78,"column":91}}],"line":78},"3":{"loc":{"start":{"line":100,"column":32},"end":{"line":100,"column":67}},"type":"default-arg","locations":[{"start":{"line":100,"column":52},"end":{"line":100,"column":67}}],"line":100}},"s":{"0":2,"1":49,"2":2,"3":5,"4":5,"5":5,"6":5,"7":5,"8":2,"9":8,"10":8,"11":8,"12":2,"13":6,"14":6},"f":{"0":49,"1":5,"2":8,"3":6},"b":{"0":[5],"1":[8],"2":[8],"3":[6]},"meta":{"lastBranch":4,"lastFunction":4,"lastStatement":15,"seen":{"s:12:26:14:Infinity":0,"f:12:26:12:27":0,"s:13:4:13:Infinity":1,"s:38:36:59:Infinity":2,"f:38:36:38:37":1,"b:38:57:38:72":0,"s:39:32:39:Infinity":3,"s:41:26:41:Infinity":4,"s:42:26:42:Infinity":5,"s:43:26:43:Infinity":6,"s:45:4:58:Infinity":7,"s:78:31:86:Infinity":8,"f:78:31:78:32":2,"b:78:51:78:56":1,"b:78:76:78:91":2,"s:79:21:79:Infinity":9,"s:80:23:80:Infinity":10,"s:82:4:85:Infinity":11,"s:100:31:108:Infinity":12,"f:100:31:100:32":3,"b:100:52:100:67":3,"s:101:32:101:Infinity":13,"s:103:4:107:Infinity":14}}}
,"/Users/art/code/git-user-info/src/apollo/queriers.ts": {"path":"/Users/art/code/git-user-info/src/apollo/queriers.ts","statementMap":{"0":{"start":{"line":26,"column":28},"end":{"line":26,"column":null}}},"fnMap":{},"branchMap":{},"s":{"0":2},"f":{},"b":{},"meta":{"lastBranch":0,"lastFunction":0,"lastStatement":1,"seen":{"s:26:28:26:Infinity":0}}}
,"/Users/art/code/git-user-info/src/apollo/useQueryUser.ts": {"path":"/Users/art/code/git-user-info/src/apollo/useQueryUser.ts","statementMap":{"0":{"start":{"line":37,"column":8},"end":{"line":52,"column":null}},"1":{"start":{"line":38,"column":10},"end":{"line":38,"column":null}},"2":{"start":{"line":39,"column":10},"end":{"line":39,"column":null}},"3":{"start":{"line":41,"column":4},"end":{"line":51,"column":null}},"4":{"start":{"line":54,"column":4},"end":{"line":59,"column":null}}},"fnMap":{"0":{"name":"useQueryUser","decl":{"start":{"line":36,"column":9},"end":{"line":36,"column":22}},"loc":{"start":{"line":36,"column":61},"end":{"line":60,"column":3}},"line":36},"1":{"name":"(anonymous_1)","decl":{"start":{"line":37,"column":28},"end":{"line":37,"column":34}},"loc":{"start":{"line":37,"column":34},"end":{"line":52,"column":5}},"line":37}},"branchMap":{"0":{"loc":{"start":{"line":36,"column":37},"end":{"line":36,"column":61}},"type":"default-arg","locations":[{"start":{"line":36,"column":56},"end":{"line":36,"column":61}}],"line":36}},"s":{"0":14,"1":8,"2":8,"3":8,"4":14},"f":{"0":14,"1":8},"b":{"0":[14]},"meta":{"lastBranch":1,"lastFunction":2,"lastStatement":5,"seen":{"f:36:9:36:22":0,"b:36:56:36:61":0,"s:37:8:52:Infinity":0,"f:37:28:37:34":1,"s:38:10:38:Infinity":1,"s:39:10:39:Infinity":2,"s:41:4:51:Infinity":3,"s:54:4:59:Infinity":4}}}
,"/Users/art/code/git-user-info/src/components/SearchForm.tsx": {"path":"/Users/art/code/git-user-info/src/components/SearchForm.tsx","statementMap":{"0":{"start":{"line":36,"column":24},"end":{"line":36,"column":null}},"1":{"start":{"line":50,"column":8},"end":{"line":50,"column":null}},"2":{"start":{"line":51,"column":24},"end":{"line":51,"column":null}},"3":{"start":{"line":53,"column":8},"end":{"line":56,"column":null}},"4":{"start":{"line":54,"column":12},"end":{"line":54,"column":null}},"5":{"start":{"line":55,"column":12},"end":{"line":55,"column":null}},"6":{"start":{"line":59,"column":36},"end":{"line":59,"column":null}},"7":{"start":{"line":60,"column":8},"end":{"line":63,"column":null}},"8":{"start":{"line":61,"column":12},"end":{"line":61,"column":null}},"9":{"start":{"line":62,"column":12},"end":{"line":62,"column":null}},"10":{"start":{"line":65,"column":8},"end":{"line":65,"column":null}},"11":{"start":{"line":68,"column":4},"end":{"line":72,"column":null}},"12":{"start":{"line":70,"column":105},"end":{"line":70,"column":130}}},"fnMap":{"0":{"name":"SearchForm","decl":{"start":{"line":35,"column":9},"end":{"line":35,"column":20}},"loc":{"start":{"line":35,"column":52},"end":{"line":73,"column":null}},"line":35},"1":{"name":"handleSubmit","decl":{"start":{"line":49,"column":13},"end":{"line":49,"column":26}},"loc":{"start":{"line":49,"column":64},"end":{"line":66,"column":null}},"line":49},"2":{"name":"(anonymous_2)","decl":{"start":{"line":70,"column":98},"end":{"line":70,"column":99}},"loc":{"start":{"line":70,"column":105},"end":{"line":70,"column":130}},"line":70}},"branchMap":{"0":{"loc":{"start":{"line":53,"column":8},"end":{"line":56,"column":null}},"type":"if","locations":[{"start":{"line":53,"column":8},"end":{"line":56,"column":null}},{"start":{},"end":{}}],"line":53},"1":{"loc":{"start":{"line":60,"column":8},"end":{"line":63,"column":null}},"type":"if","locations":[{"start":{"line":60,"column":8},"end":{"line":63,"column":null}},{"start":{},"end":{}}],"line":60}},"s":{"0":47,"1":5,"2":5,"3":5,"4":2,"5":2,"6":3,"7":3,"8":0,"9":0,"10":3,"11":47,"12":38},"f":{"0":47,"1":5,"2":38},"b":{"0":[2,3],"1":[0,3]},"meta":{"lastBranch":2,"lastFunction":3,"lastStatement":13,"seen":{"f:35:9:35:20":0,"s:36:24:36:Infinity":0,"f:49:13:49:26":1,"s:50:8:50:Infinity":1,"s:51:24:51:Infinity":2,"b:53:8:56:Infinity:undefined:undefined:undefined:undefined":0,"s:53:8:56:Infinity":3,"s:54:12:54:Infinity":4,"s:55:12:55:Infinity":5,"s:59:36:59:Infinity":6,"b:60:8:63:Infinity:undefined:undefined:undefined:undefined":1,"s:60:8:63:Infinity":7,"s:61:12:61:Infinity":8,"s:62:12:62:Infinity":9,"s:65:8:65:Infinity":10,"s:68:4:72:Infinity":11,"f:70:98:70:99":2,"s:70:105:70:130":12}}}
,"/Users/art/code/git-user-info/src/components/UserProfile.tsx": {"path":"/Users/art/code/git-user-info/src/components/UserProfile.tsx","statementMap":{"0":{"start":{"line":39,"column":40},"end":{"line":39,"column":null}},"1":{"start":{"line":40,"column":10},"end":{"line":40,"column":null}},"2":{"start":{"line":42,"column":4},"end":{"line":48,"column":null}},"3":{"start":{"line":43,"column":8},"end":{"line":46,"column":null}},"4":{"start":{"line":50,"column":4},"end":{"line":59,"column":null}},"5":{"start":{"line":51,"column":8},"end":{"line":57,"column":null}},"6":{"start":{"line":54,"column":39},"end":{"line":54,"column":50}},"7":{"start":{"line":61,"column":4},"end":{"line":67,"column":null}},"8":{"start":{"line":62,"column":8},"end":{"line":65,"column":null}},"9":{"start":{"line":69,"column":17},"end":{"line":69,"column":null}},"10":{"start":{"line":70,"column":23},"end":{"line":74,"column":null}},"11":{"start":{"line":76,"column":4},"end":{"line":180,"column":null}},"12":{"start":{"line":167,"column":32},"end":{"line":175,"column":null}}},"fnMap":{"0":{"name":"UserProfile","decl":{"start":{"line":38,"column":9},"end":{"line":38,"column":21}},"loc":{"start":{"line":38,"column":43},"end":{"line":182,"column":null}},"line":38},"1":{"name":"(anonymous_1)","decl":{"start":{"line":54,"column":33},"end":{"line":54,"column":39}},"loc":{"start":{"line":54,"column":39},"end":{"line":54,"column":50}},"line":54},"2":{"name":"(anonymous_2)","decl":{"start":{"line":166,"column":33},"end":{"line":166,"column":34}},"loc":{"start":{"line":167,"column":32},"end":{"line":175,"column":null}},"line":167}},"branchMap":{"0":{"loc":{"start":{"line":42,"column":4},"end":{"line":48,"column":null}},"type":"if","locations":[{"start":{"line":42,"column":4},"end":{"line":48,"column":null}},{"start":{},"end":{}}],"line":42},"1":{"loc":{"start":{"line":50,"column":4},"end":{"line":59,"column":null}},"type":"if","locations":[{"start":{"line":50,"column":4},"end":{"line":59,"column":null}},{"start":{},"end":{}}],"line":50},"2":{"loc":{"start":{"line":61,"column":4},"end":{"line":67,"column":null}},"type":"if","locations":[{"start":{"line":61,"column":4},"end":{"line":67,"column":null}},{"start":{},"end":{}}],"line":61},"3":{"loc":{"start":{"line":61,"column":8},"end":{"line":61,"column":29}},"type":"binary-expr","locations":[{"start":{"line":61,"column":8},"end":{"line":61,"column":17}},{"start":{"line":61,"column":17},"end":{"line":61,"column":29}}],"line":61},"4":{"loc":{"start":{"line":83,"column":28},"end":{"line":83,"column":51}},"type":"binary-expr","locations":[{"start":{"line":83,"column":28},"end":{"line":83,"column":41}},{"start":{"line":83,"column":41},"end":{"line":83,"column":51}}],"line":83},"5":{"loc":{"start":{"line":89,"column":56},"end":{"line":89,"column":80}},"type":"binary-expr","locations":[{"start":{"line":89,"column":56},"end":{"line":89,"column":69}},{"start":{"line":89,"column":69},"end":{"line":89,"column":80}}],"line":89},"6":{"loc":{"start":{"line":91,"column":21},"end":{"line":91,"column":null}},"type":"binary-expr","locations":[{"start":{"line":91,"column":21},"end":{"line":91,"column":33}},{"start":{"line":91,"column":33},"end":{"line":91,"column":null}}],"line":91},"7":{"loc":{"start":{"line":92,"column":21},"end":{"line":95,"column":null}},"type":"binary-expr","locations":[{"start":{"line":92,"column":21},"end":{"line":92,"column":null}},{"start":{"line":93,"column":24},"end":{"line":95,"column":null}}],"line":92},"8":{"loc":{"start":{"line":160,"column":13},"end":{"line":178,"column":null}},"type":"binary-expr","locations":[{"start":{"line":160,"column":13},"end":{"line":160,"column":null}},{"start":{"line":161,"column":16},"end":{"line":178,"column":null}}],"line":160}},"s":{"0":6,"1":6,"2":6,"3":2,"4":4,"5":1,"6":0,"7":3,"8":2,"9":1,"10":1,"11":1,"12":2},"f":{"0":6,"1":0,"2":2},"b":{"0":[2,4],"1":[1,3],"2":[2,1],"3":[3,2],"4":[1,0],"5":[6,0],"6":[6,1],"7":[6,1],"8":[6,1]},"meta":{"lastBranch":9,"lastFunction":3,"lastStatement":13,"seen":{"f:38:9:38:21":0,"s:39:40:39:Infinity":0,"s:40:10:40:Infinity":1,"b:42:4:48:Infinity:undefined:undefined:undefined:undefined":0,"s:42:4:48:Infinity":2,"s:43:8:46:Infinity":3,"b:50:4:59:Infinity:undefined:undefined:undefined:undefined":1,"s:50:4:59:Infinity":4,"s:51:8:57:Infinity":5,"f:54:33:54:39":1,"s:54:39:54:50":6,"b:61:4:67:Infinity:undefined:undefined:undefined:undefined":2,"s:61:4:67:Infinity":7,"b:61:8:61:17:61:17:61:29":3,"s:62:8:65:Infinity":8,"s:69:17:69:Infinity":9,"s:70:23:74:Infinity":10,"s:76:4:180:Infinity":11,"b:83:28:83:41:83:41:83:51":4,"b:89:56:89:69:89:69:89:80":5,"b:91:21:91:33:91:33:91:Infinity":6,"b:92:21:92:Infinity:93:24:95:Infinity":7,"b:160:13:160:Infinity:161:16:178:Infinity":8,"f:166:33:166:34":2,"s:167:32:175:Infinity":12}}}
,"/Users/art/code/git-user-info/src/components/ui/button.tsx": {"path":"/Users/art/code/git-user-info/src/components/ui/button.tsx","statementMap":{"0":{"start":{"line":7,"column":6},"end":{"line":36,"column":null}},"1":{"start":{"line":48,"column":15},"end":{"line":48,"column":null}},"2":{"start":{"line":50,"column":2},"end":{"line":55,"column":null}}},"fnMap":{"0":{"name":"Button","decl":{"start":{"line":38,"column":9},"end":{"line":38,"column":16}},"loc":{"start":{"line":47,"column":5},"end":{"line":57,"column":null}},"line":47}},"branchMap":{"0":{"loc":{"start":{"line":42,"column":2},"end":{"line":42,"column":null}},"type":"default-arg","locations":[{"start":{"line":42,"column":12},"end":{"line":42,"column":null}}],"line":42},"1":{"loc":{"start":{"line":48,"column":15},"end":{"line":48,"column":null}},"type":"cond-expr","locations":[{"start":{"line":48,"column":25},"end":{"line":48,"column":32}},{"start":{"line":48,"column":32},"end":{"line":48,"column":null}}],"line":48}},"s":{"0":2,"1":48,"2":48},"f":{"0":48},"b":{"0":[48],"1":[0,48]},"meta":{"lastBranch":2,"lastFunction":1,"lastStatement":3,"seen":{"s:7:6:36:Infinity":0,"f:38:9:38:16":0,"b:42:12:42:Infinity":0,"s:48:15:48:Infinity":1,"b:48:25:48:32:48:32:48:Infinity":1,"s:50:2:55:Infinity":2}}}
,"/Users/art/code/git-user-info/src/components/ui/input.tsx": {"path":"/Users/art/code/git-user-info/src/components/ui/input.tsx","statementMap":{"0":{"start":{"line":6,"column":2},"end":{"line":17,"column":null}}},"fnMap":{"0":{"name":"Input","decl":{"start":{"line":5,"column":9},"end":{"line":5,"column":15}},"loc":{"start":{"line":5,"column":77},"end":{"line":19,"column":null}},"line":5}},"branchMap":{},"s":{"0":47},"f":{"0":47},"b":{},"meta":{"lastBranch":0,"lastFunction":1,"lastStatement":1,"seen":{"f:5:9:5:15":0,"s:6:2:17:Infinity":0}}}
,"/Users/art/code/git-user-info/src/components/ui/label.tsx": {"path":"/Users/art/code/git-user-info/src/components/ui/label.tsx","statementMap":{"0":{"start":{"line":10,"column":2},"end":{"line":18,"column":null}}},"fnMap":{"0":{"name":"Label","decl":{"start":{"line":6,"column":9},"end":{"line":6,"column":15}},"loc":{"start":{"line":9,"column":53},"end":{"line":20,"column":null}},"line":9}},"branchMap":{},"s":{"0":47},"f":{"0":47},"b":{},"meta":{"lastBranch":0,"lastFunction":1,"lastStatement":1,"seen":{"f:6:9:6:15":0,"s:10:2:18:Infinity":0}}}
,"/Users/art/code/git-user-info/src/hooks/useAuthenticityScore.ts": {"path":"/Users/art/code/git-user-info/src/hooks/useAuthenticityScore.ts","statementMap":{"0":{"start":{"line":35,"column":2},"end":{"line":35,"column":null}},"1":{"start":{"line":35,"column":17},"end":{"line":35,"column":65}}},"fnMap":{"0":{"name":"useAuthenticityScore","decl":{"start":{"line":34,"column":16},"end":{"line":34,"column":37}},"loc":{"start":{"line":34,"column":84},"end":{"line":36,"column":null}},"line":34},"1":{"name":"(anonymous_1)","decl":{"start":{"line":35,"column":17},"end":{"line":35,"column":23}},"loc":{"start":{"line":35,"column":17},"end":{"line":35,"column":65}},"line":35}},"branchMap":{},"s":{"0":28,"1":27},"f":{"0":28,"1":27},"b":{},"meta":{"lastBranch":0,"lastFunction":2,"lastStatement":2,"seen":{"f:34:16:34:37":0,"s:35:2:35:Infinity":0,"f:35:17:35:23":1,"s:35:17:35:65":1}}}
,"/Users/art/code/git-user-info/src/hooks/useRepositoryFilters.ts": {"path":"/Users/art/code/git-user-info/src/hooks/useRepositoryFilters.ts","statementMap":{"0":{"start":{"line":43,"column":28},"end":{"line":43,"column":null}},"1":{"start":{"line":50,"column":8},"end":{"line":62,"column":null}},"2":{"start":{"line":54,"column":4},"end":{"line":61,"column":null}},"3":{"start":{"line":55,"column":6},"end":{"line":59,"column":null}},"4":{"start":{"line":57,"column":38},"end":{"line":57,"column":null}},"5":{"start":{"line":58,"column":8},"end":{"line":58,"column":null}},"6":{"start":{"line":60,"column":6},"end":{"line":60,"column":null}},"7":{"start":{"line":68,"column":8},"end":{"line":70,"column":null}},"8":{"start":{"line":69,"column":4},"end":{"line":69,"column":null}},"9":{"start":{"line":69,"column":26},"end":{"line":69,"column":53}},"10":{"start":{"line":75,"column":8},"end":{"line":77,"column":null}},"11":{"start":{"line":76,"column":4},"end":{"line":76,"column":null}},"12":{"start":{"line":82,"column":8},"end":{"line":84,"column":null}},"13":{"start":{"line":83,"column":4},"end":{"line":83,"column":null}},"14":{"start":{"line":89,"column":8},"end":{"line":91,"column":null}},"15":{"start":{"line":90,"column":4},"end":{"line":90,"column":null}},"16":{"start":{"line":96,"column":8},"end":{"line":101,"column":null}},"17":{"start":{"line":97,"column":4},"end":{"line":99,"column":null}},"18":{"start":{"line":98,"column":6},"end":{"line":98,"column":null}},"19":{"start":{"line":100,"column":4},"end":{"line":100,"column":null}},"20":{"start":{"line":103,"column":2},"end":{"line":118,"column":null}}},"fnMap":{"0":{"name":"useRepositoryFilters","decl":{"start":{"line":42,"column":16},"end":{"line":42,"column":37}},"loc":{"start":{"line":42,"column":65},"end":{"line":119,"column":null}},"line":42},"1":{"name":"(anonymous_1)","decl":{"start":{"line":50,"column":35},"end":{"line":50,"column":null}},"loc":{"start":{"line":53,"column":7},"end":{"line":62,"column":5}},"line":53},"2":{"name":"(anonymous_2)","decl":{"start":{"line":54,"column":15},"end":{"line":54,"column":16}},"loc":{"start":{"line":54,"column":25},"end":{"line":61,"column":5}},"line":54},"3":{"name":"(anonymous_3)","decl":{"start":{"line":68,"column":41},"end":{"line":68,"column":42}},"loc":{"start":{"line":68,"column":84},"end":{"line":70,"column":5}},"line":68},"4":{"name":"(anonymous_4)","decl":{"start":{"line":69,"column":15},"end":{"line":69,"column":16}},"loc":{"start":{"line":69,"column":26},"end":{"line":69,"column":53}},"line":69},"5":{"name":"(anonymous_5)","decl":{"start":{"line":75,"column":35},"end":{"line":75,"column":41}},"loc":{"start":{"line":75,"column":41},"end":{"line":77,"column":5}},"line":75},"6":{"name":"(anonymous_6)","decl":{"start":{"line":82,"column":35},"end":{"line":82,"column":41}},"loc":{"start":{"line":82,"column":41},"end":{"line":84,"column":5}},"line":82},"7":{"name":"(anonymous_7)","decl":{"start":{"line":89,"column":36},"end":{"line":89,"column":42}},"loc":{"start":{"line":89,"column":42},"end":{"line":91,"column":5}},"line":89},"8":{"name":"(anonymous_8)","decl":{"start":{"line":96,"column":39},"end":{"line":96,"column":45}},"loc":{"start":{"line":96,"column":45},"end":{"line":101,"column":5}},"line":96}},"branchMap":{"0":{"loc":{"start":{"line":55,"column":6},"end":{"line":59,"column":null}},"type":"if","locations":[{"start":{"line":55,"column":6},"end":{"line":59,"column":null}},{"start":{},"end":{}}],"line":55},"1":{"loc":{"start":{"line":55,"column":10},"end":{"line":55,"column":66}},"type":"binary-expr","locations":[{"start":{"line":55,"column":10},"end":{"line":55,"column":33}},{"start":{"line":55,"column":33},"end":{"line":55,"column":49}},{"start":{"line":55,"column":49},"end":{"line":55,"column":66}}],"line":55},"2":{"loc":{"start":{"line":97,"column":4},"end":{"line":99,"column":null}},"type":"if","locations":[{"start":{"line":97,"column":4},"end":{"line":99,"column":null}},{"start":{},"end":{}}],"line":97}},"s":{"0":61,"1":61,"2":27,"3":27,"4":3,"5":3,"6":24,"7":61,"8":5,"9":5,"10":61,"11":2,"12":61,"13":59,"14":61,"15":59,"16":61,"17":60,"18":33,"19":27,"20":61},"f":{"0":61,"1":27,"2":27,"3":5,"4":5,"5":2,"6":59,"7":59,"8":60},"b":{"0":[3,24],"1":[27,26,25],"2":[33,27]},"meta":{"lastBranch":3,"lastFunction":9,"lastStatement":21,"seen":{"f:42:16:42:37":0,"s:43:28:43:Infinity":0,"s:50:8:62:Infinity":1,"f:50:35:50:Infinity":1,"s:54:4:61:Infinity":2,"f:54:15:54:16":2,"b:55:6:59:Infinity:undefined:undefined:undefined:undefined":0,"s:55:6:59:Infinity":3,"b:55:10:55:33:55:33:55:49:55:49:55:66":1,"s:57:38:57:Infinity":4,"s:58:8:58:Infinity":5,"s:60:6:60:Infinity":6,"s:68:8:70:Infinity":7,"f:68:41:68:42":3,"s:69:4:69:Infinity":8,"f:69:15:69:16":4,"s:69:26:69:53":9,"s:75:8:77:Infinity":10,"f:75:35:75:41":5,"s:76:4:76:Infinity":11,"s:82:8:84:Infinity":12,"f:82:35:82:41":6,"s:83:4:83:Infinity":13,"s:89:8:91:Infinity":14,"f:89:36:89:42":7,"s:90:4:90:Infinity":15,"s:96:8:101:Infinity":16,"f:96:39:96:45":8,"b:97:4:99:Infinity:undefined:undefined:undefined:undefined":2,"s:97:4:99:Infinity":17,"s:98:6:98:Infinity":18,"s:100:4:100:Infinity":19,"s:103:2:118:Infinity":20}}}
,"/Users/art/code/git-user-info/src/hooks/useRepositorySorting.ts": {"path":"/Users/art/code/git-user-info/src/hooks/useRepositorySorting.ts","statementMap":{"0":{"start":{"line":51,"column":28},"end":{"line":51,"column":null}},"1":{"start":{"line":57,"column":8},"end":{"line":59,"column":null}},"2":{"start":{"line":58,"column":4},"end":{"line":58,"column":null}},"3":{"start":{"line":58,"column":26},"end":{"line":58,"column":45}},"4":{"start":{"line":65,"column":8},"end":{"line":67,"column":null}},"5":{"start":{"line":66,"column":4},"end":{"line":66,"column":null}},"6":{"start":{"line":66,"column":26},"end":{"line":66,"column":49}},"7":{"start":{"line":72,"column":8},"end":{"line":77,"column":null}},"8":{"start":{"line":73,"column":4},"end":{"line":76,"column":null}},"9":{"start":{"line":73,"column":26},"end":{"line":76,"column":6}},"10":{"start":{"line":84,"column":8},"end":{"line":89,"column":null}},"11":{"start":{"line":85,"column":4},"end":{"line":88,"column":null}},"12":{"start":{"line":85,"column":26},"end":{"line":88,"column":6}},"13":{"start":{"line":94,"column":8},"end":{"line":96,"column":null}},"14":{"start":{"line":95,"column":4},"end":{"line":95,"column":null}},"15":{"start":{"line":101,"column":8},"end":{"line":105,"column":null}},"16":{"start":{"line":102,"column":4},"end":{"line":103,"column":null}},"17":{"start":{"line":110,"column":8},"end":{"line":112,"column":null}},"18":{"start":{"line":111,"column":4},"end":{"line":111,"column":null}},"19":{"start":{"line":114,"column":2},"end":{"line":131,"column":null}}},"fnMap":{"0":{"name":"useRepositorySorting","decl":{"start":{"line":47,"column":16},"end":{"line":47,"column":null}},"loc":{"start":{"line":50,"column":2},"end":{"line":132,"column":null}},"line":50},"1":{"name":"(anonymous_1)","decl":{"start":{"line":57,"column":32},"end":{"line":57,"column":33}},"loc":{"start":{"line":57,"column":51},"end":{"line":59,"column":5}},"line":57},"2":{"name":"(anonymous_2)","decl":{"start":{"line":58,"column":15},"end":{"line":58,"column":16}},"loc":{"start":{"line":58,"column":26},"end":{"line":58,"column":45}},"line":58},"3":{"name":"(anonymous_3)","decl":{"start":{"line":65,"column":39},"end":{"line":65,"column":40}},"loc":{"start":{"line":65,"column":69},"end":{"line":67,"column":5}},"line":65},"4":{"name":"(anonymous_4)","decl":{"start":{"line":66,"column":15},"end":{"line":66,"column":16}},"loc":{"start":{"line":66,"column":26},"end":{"line":66,"column":49}},"line":66},"5":{"name":"(anonymous_5)","decl":{"start":{"line":72,"column":38},"end":{"line":72,"column":44}},"loc":{"start":{"line":72,"column":44},"end":{"line":77,"column":5}},"line":72},"6":{"name":"(anonymous_6)","decl":{"start":{"line":73,"column":15},"end":{"line":73,"column":16}},"loc":{"start":{"line":73,"column":26},"end":{"line":76,"column":6}},"line":73},"7":{"name":"(anonymous_7)","decl":{"start":{"line":84,"column":30},"end":{"line":84,"column":31}},"loc":{"start":{"line":84,"column":76},"end":{"line":89,"column":5}},"line":84},"8":{"name":"(anonymous_8)","decl":{"start":{"line":85,"column":15},"end":{"line":85,"column":16}},"loc":{"start":{"line":85,"column":26},"end":{"line":88,"column":6}},"line":85},"9":{"name":"(anonymous_9)","decl":{"start":{"line":94,"column":32},"end":{"line":94,"column":38}},"loc":{"start":{"line":94,"column":38},"end":{"line":96,"column":5}},"line":94},"10":{"name":"(anonymous_10)","decl":{"start":{"line":101,"column":32},"end":{"line":101,"column":38}},"loc":{"start":{"line":101,"column":38},"end":{"line":105,"column":5}},"line":101},"11":{"name":"(anonymous_11)","decl":{"start":{"line":110,"column":37},"end":{"line":110,"column":43}},"loc":{"start":{"line":110,"column":43},"end":{"line":112,"column":5}},"line":110}},"branchMap":{"0":{"loc":{"start":{"line":49,"column":2},"end":{"line":49,"column":null}},"type":"default-arg","locations":[{"start":{"line":49,"column":35},"end":{"line":49,"column":null}}],"line":49},"1":{"loc":{"start":{"line":75,"column":17},"end":{"line":75,"column":null}},"type":"cond-expr","locations":[{"start":{"line":75,"column":44},"end":{"line":75,"column":53}},{"start":{"line":75,"column":53},"end":{"line":75,"column":null}}],"line":75},"2":{"loc":{"start":{"line":87,"column":17},"end":{"line":87,"column":null}},"type":"binary-expr","locations":[{"start":{"line":87,"column":17},"end":{"line":87,"column":30}},{"start":{"line":87,"column":30},"end":{"line":87,"column":null}}],"line":87},"3":{"loc":{"start":{"line":103,"column":6},"end":{"line":103,"column":null}},"type":"binary-expr","locations":[{"start":{"line":103,"column":6},"end":{"line":103,"column":45}},{"start":{"line":103,"column":45},"end":{"line":103,"column":null}}],"line":103}},"s":{"0":69,"1":69,"2":17,"3":17,"4":69,"5":4,"6":4,"7":69,"8":8,"9":8,"10":69,"11":6,"12":6,"13":69,"14":3,"15":69,"16":69,"17":69,"18":67,"19":69},"f":{"0":69,"1":17,"2":17,"3":4,"4":4,"5":8,"6":8,"7":6,"8":6,"9":3,"10":69,"11":67},"b":{"0":[69],"1":[2,6],"2":[6,1],"3":[69,47]},"meta":{"lastBranch":4,"lastFunction":12,"lastStatement":20,"seen":{"f:47:16:47:Infinity":0,"b:49:35:49:Infinity":0,"s:51:28:51:Infinity":0,"s:57:8:59:Infinity":1,"f:57:32:57:33":1,"s:58:4:58:Infinity":2,"f:58:15:58:16":2,"s:58:26:58:45":3,"s:65:8:67:Infinity":4,"f:65:39:65:40":3,"s:66:4:66:Infinity":5,"f:66:15:66:16":4,"s:66:26:66:49":6,"s:72:8:77:Infinity":7,"f:72:38:72:44":5,"s:73:4:76:Infinity":8,"f:73:15:73:16":6,"s:73:26:76:6":9,"b:75:44:75:53:75:53:75:Infinity":1,"s:84:8:89:Infinity":10,"f:84:30:84:31":7,"s:85:4:88:Infinity":11,"f:85:15:85:16":8,"s:85:26:88:6":12,"b:87:17:87:30:87:30:87:Infinity":2,"s:94:8:96:Infinity":13,"f:94:32:94:38":9,"s:95:4:95:Infinity":14,"s:101:8:105:Infinity":15,"f:101:32:101:38":10,"s:102:4:103:Infinity":16,"b:103:6:103:45:103:45:103:Infinity":3,"s:110:8:112:Infinity":17,"f:110:37:110:43":11,"s:111:4:111:Infinity":18,"s:114:2:131:Infinity":19}}}
,"/Users/art/code/git-user-info/src/lib/authenticity.ts": {"path":"/Users/art/code/git-user-info/src/lib/authenticity.ts","statementMap":{"0":{"start":{"line":31,"column":2},"end":{"line":50,"column":null}},"1":{"start":{"line":32,"column":4},"end":{"line":49,"column":null}},"2":{"start":{"line":52,"column":26},"end":{"line":52,"column":null}},"3":{"start":{"line":53,"column":14},"end":{"line":53,"column":null}},"4":{"start":{"line":56,"column":21},"end":{"line":56,"column":null}},"5":{"start":{"line":57,"column":24},"end":{"line":57,"column":null}},"6":{"start":{"line":57,"column":51},"end":{"line":57,"column":77}},"7":{"start":{"line":58,"column":22},"end":{"line":58,"column":null}},"8":{"start":{"line":58,"column":49},"end":{"line":58,"column":57}},"9":{"start":{"line":59,"column":24},"end":{"line":59,"column":null}},"10":{"start":{"line":59,"column":51},"end":{"line":59,"column":63}},"11":{"start":{"line":60,"column":24},"end":{"line":60,"column":null}},"12":{"start":{"line":60,"column":51},"end":{"line":60,"column":63}},"13":{"start":{"line":64,"column":24},"end":{"line":64,"column":null}},"14":{"start":{"line":65,"column":25},"end":{"line":65,"column":null}},"15":{"start":{"line":67,"column":2},"end":{"line":69,"column":null}},"16":{"start":{"line":68,"column":4},"end":{"line":68,"column":null}},"17":{"start":{"line":70,"column":2},"end":{"line":72,"column":null}},"18":{"start":{"line":71,"column":4},"end":{"line":71,"column":null}},"19":{"start":{"line":76,"column":22},"end":{"line":76,"column":null}},"20":{"start":{"line":77,"column":28},"end":{"line":77,"column":null}},"21":{"start":{"line":78,"column":21},"end":{"line":78,"column":null}},"22":{"start":{"line":80,"column":2},"end":{"line":92,"column":null}},"23":{"start":{"line":82,"column":20},"end":{"line":82,"column":null}},"24":{"start":{"line":83,"column":4},"end":{"line":83,"column":null}},"25":{"start":{"line":86,"column":4},"end":{"line":91,"column":null}},"26":{"start":{"line":87,"column":12},"end":{"line":87,"column":null}},"27":{"start":{"line":88,"column":6},"end":{"line":90,"column":null}},"28":{"start":{"line":89,"column":8},"end":{"line":89,"column":null}},"29":{"start":{"line":94,"column":30},"end":{"line":94,"column":null}},"30":{"start":{"line":95,"column":28},"end":{"line":95,"column":null}},"31":{"start":{"line":98,"column":2},"end":{"line":98,"column":null}},"32":{"start":{"line":99,"column":2},"end":{"line":99,"column":null}},"33":{"start":{"line":101,"column":2},"end":{"line":103,"column":null}},"34":{"start":{"line":102,"column":4},"end":{"line":102,"column":null}},"35":{"start":{"line":104,"column":2},"end":{"line":106,"column":null}},"36":{"start":{"line":105,"column":4},"end":{"line":105,"column":null}},"37":{"start":{"line":110,"column":19},"end":{"line":110,"column":null}},"38":{"start":{"line":111,"column":19},"end":{"line":111,"column":null}},"39":{"start":{"line":112,"column":22},"end":{"line":112,"column":null}},"40":{"start":{"line":114,"column":2},"end":{"line":118,"column":null}},"41":{"start":{"line":115,"column":4},"end":{"line":115,"column":null}},"42":{"start":{"line":116,"column":4},"end":{"line":116,"column":null}},"43":{"start":{"line":117,"column":4},"end":{"line":117,"column":null}},"44":{"start":{"line":122,"column":20},"end":{"line":122,"column":null}},"45":{"start":{"line":123,"column":20},"end":{"line":123,"column":null}},"46":{"start":{"line":124,"column":23},"end":{"line":124,"column":null}},"47":{"start":{"line":126,"column":26},"end":{"line":126,"column":null}},"48":{"start":{"line":128,"column":2},"end":{"line":130,"column":null}},"49":{"start":{"line":129,"column":4},"end":{"line":129,"column":null}},"50":{"start":{"line":134,"column":22},"end":{"line":134,"column":null}},"51":{"start":{"line":135,"column":22},"end":{"line":135,"column":null}},"52":{"start":{"line":137,"column":2},"end":{"line":147,"column":null}},"53":{"start":{"line":138,"column":4},"end":{"line":140,"column":null}},"54":{"start":{"line":139,"column":6},"end":{"line":139,"column":null}},"55":{"start":{"line":141,"column":4},"end":{"line":145,"column":null}},"56":{"start":{"line":142,"column":6},"end":{"line":144,"column":null}},"57":{"start":{"line":143,"column":8},"end":{"line":143,"column":null}},"58":{"start":{"line":146,"column":4},"end":{"line":146,"column":null}},"59":{"start":{"line":149,"column":24},"end":{"line":149,"column":null}},"60":{"start":{"line":150,"column":22},"end":{"line":150,"column":null}},"61":{"start":{"line":153,"column":33},"end":{"line":153,"column":null}},"62":{"start":{"line":154,"column":24},"end":{"line":154,"column":null}},"63":{"start":{"line":156,"column":29},"end":{"line":156,"column":null}},"64":{"start":{"line":158,"column":2},"end":{"line":160,"column":null}},"65":{"start":{"line":159,"column":4},"end":{"line":159,"column":null}},"66":{"start":{"line":163,"column":21},"end":{"line":165,"column":null}},"67":{"start":{"line":169,"column":2},"end":{"line":177,"column":null}},"68":{"start":{"line":170,"column":4},"end":{"line":170,"column":null}},"69":{"start":{"line":171,"column":2},"end":{"line":177,"column":null}},"70":{"start":{"line":172,"column":4},"end":{"line":172,"column":null}},"71":{"start":{"line":173,"column":2},"end":{"line":177,"column":null}},"72":{"start":{"line":174,"column":4},"end":{"line":174,"column":null}},"73":{"start":{"line":176,"column":4},"end":{"line":176,"column":null}},"74":{"start":{"line":180,"column":2},"end":{"line":182,"column":null}},"75":{"start":{"line":181,"column":4},"end":{"line":181,"column":null}},"76":{"start":{"line":183,"column":2},"end":{"line":185,"column":null}},"77":{"start":{"line":184,"column":4},"end":{"line":184,"column":null}},"78":{"start":{"line":187,"column":2},"end":{"line":204,"column":null}},"79":{"start":{"line":213,"column":17},"end":{"line":218,"column":null}},"80":{"start":{"line":219,"column":2},"end":{"line":219,"column":null}},"81":{"start":{"line":228,"column":16},"end":{"line":233,"column":null}},"82":{"start":{"line":234,"column":2},"end":{"line":234,"column":null}}},"fnMap":{"0":{"name":"calculateAuthenticityScore","decl":{"start":{"line":30,"column":16},"end":{"line":30,"column":43}},"loc":{"start":{"line":30,"column":90},"end":{"line":205,"column":null}},"line":30},"1":{"name":"(anonymous_1)","decl":{"start":{"line":57,"column":44},"end":{"line":57,"column":45}},"loc":{"start":{"line":57,"column":51},"end":{"line":57,"column":77}},"line":57},"2":{"name":"(anonymous_2)","decl":{"start":{"line":58,"column":42},"end":{"line":58,"column":43}},"loc":{"start":{"line":58,"column":49},"end":{"line":58,"column":57}},"line":58},"3":{"name":"(anonymous_3)","decl":{"start":{"line":59,"column":44},"end":{"line":59,"column":45}},"loc":{"start":{"line":59,"column":51},"end":{"line":59,"column":63}},"line":59},"4":{"name":"(anonymous_4)","decl":{"start":{"line":60,"column":44},"end":{"line":60,"column":45}},"loc":{"start":{"line":60,"column":51},"end":{"line":60,"column":63}},"line":60},"5":{"name":"(anonymous_5)","decl":{"start":{"line":80,"column":23},"end":{"line":80,"column":24}},"loc":{"start":{"line":80,"column":33},"end":{"line":92,"column":3}},"line":80},"6":{"name":"(anonymous_6)","decl":{"start":{"line":114,"column":23},"end":{"line":114,"column":24}},"loc":{"start":{"line":114,"column":33},"end":{"line":118,"column":3}},"line":114},"7":{"name":"(anonymous_7)","decl":{"start":{"line":137,"column":23},"end":{"line":137,"column":24}},"loc":{"start":{"line":137,"column":33},"end":{"line":147,"column":3}},"line":137},"8":{"name":"(anonymous_8)","decl":{"start":{"line":141,"column":33},"end":{"line":141,"column":34}},"loc":{"start":{"line":141,"column":43},"end":{"line":145,"column":5}},"line":141},"9":{"name":"getAuthenticityColor","decl":{"start":{"line":212,"column":16},"end":{"line":212,"column":37}},"loc":{"start":{"line":212,"column":86},"end":{"line":220,"column":null}},"line":212},"10":{"name":"getAuthenticityBadgeText","decl":{"start":{"line":227,"column":16},"end":{"line":227,"column":41}},"loc":{"start":{"line":227,"column":90},"end":{"line":235,"column":null}},"line":227}},"branchMap":{"0":{"loc":{"start":{"line":31,"column":2},"end":{"line":50,"column":null}},"type":"if","locations":[{"start":{"line":31,"column":2},"end":{"line":50,"column":null}},{"start":{},"end":{}}],"line":31},"1":{"loc":{"start":{"line":57,"column":51},"end":{"line":57,"column":77}},"type":"binary-expr","locations":[{"start":{"line":57,"column":51},"end":{"line":57,"column":64}},{"start":{"line":57,"column":64},"end":{"line":57,"column":77}}],"line":57},"2":{"loc":{"start":{"line":64,"column":24},"end":{"line":64,"column":null}},"type":"cond-expr","locations":[{"start":{"line":64,"column":41},"end":{"line":64,"column":70}},{"start":{"line":64,"column":70},"end":{"line":64,"column":null}}],"line":64},"3":{"loc":{"start":{"line":67,"column":2},"end":{"line":69,"column":null}},"type":"if","locations":[{"start":{"line":67,"column":2},"end":{"line":69,"column":null}},{"start":{},"end":{}}],"line":67},"4":{"loc":{"start":{"line":70,"column":2},"end":{"line":72,"column":null}},"type":"if","locations":[{"start":{"line":70,"column":2},"end":{"line":72,"column":null}},{"start":{},"end":{}}],"line":70},"5":{"loc":{"start":{"line":82,"column":20},"end":{"line":82,"column":null}},"type":"binary-expr","locations":[{"start":{"line":82,"column":20},"end":{"line":82,"column":74}},{"start":{"line":82,"column":74},"end":{"line":82,"column":null}}],"line":82},"6":{"loc":{"start":{"line":86,"column":4},"end":{"line":91,"column":null}},"type":"if","locations":[{"start":{"line":86,"column":4},"end":{"line":91,"column":null}},{"start":{},"end":{}}],"line":86},"7":{"loc":{"start":{"line":88,"column":6},"end":{"line":90,"column":null}},"type":"if","locations":[{"start":{"line":88,"column":6},"end":{"line":90,"column":null}},{"start":{},"end":{}}],"line":88},"8":{"loc":{"start":{"line":94,"column":30},"end":{"line":94,"column":null}},"type":"cond-expr","locations":[{"start":{"line":94,"column":47},"end":{"line":94,"column":82}},{"start":{"line":94,"column":82},"end":{"line":94,"column":null}}],"line":94},"9":{"loc":{"start":{"line":95,"column":28},"end":{"line":95,"column":null}},"type":"cond-expr","locations":[{"start":{"line":95,"column":45},"end":{"line":95,"column":73}},{"start":{"line":95,"column":73},"end":{"line":95,"column":null}}],"line":95},"10":{"loc":{"start":{"line":101,"column":2},"end":{"line":103,"column":null}},"type":"if","locations":[{"start":{"line":101,"column":2},"end":{"line":103,"column":null}},{"start":{},"end":{}}],"line":101},"11":{"loc":{"start":{"line":104,"column":2},"end":{"line":106,"column":null}},"type":"if","locations":[{"start":{"line":104,"column":2},"end":{"line":106,"column":null}},{"start":{},"end":{}}],"line":104},"12":{"loc":{"start":{"line":115,"column":18},"end":{"line":115,"column":null}},"type":"binary-expr","locations":[{"start":{"line":115,"column":18},"end":{"line":115,"column":41}},{"start":{"line":115,"column":41},"end":{"line":115,"column":null}}],"line":115},"13":{"loc":{"start":{"line":116,"column":18},"end":{"line":116,"column":null}},"type":"binary-expr","locations":[{"start":{"line":116,"column":18},"end":{"line":116,"column":36}},{"start":{"line":116,"column":36},"end":{"line":116,"column":null}}],"line":116},"14":{"loc":{"start":{"line":117,"column":21},"end":{"line":117,"column":null}},"type":"binary-expr","locations":[{"start":{"line":117,"column":21},"end":{"line":117,"column":50}},{"start":{"line":117,"column":50},"end":{"line":117,"column":null}}],"line":117},"15":{"loc":{"start":{"line":128,"column":2},"end":{"line":130,"column":null}},"type":"if","locations":[{"start":{"line":128,"column":2},"end":{"line":130,"column":null}},{"start":{},"end":{}}],"line":128},"16":{"loc":{"start":{"line":128,"column":6},"end":{"line":128,"column":42}},"type":"binary-expr","locations":[{"start":{"line":128,"column":6},"end":{"line":128,"column":26}},{"start":{"line":128,"column":26},"end":{"line":128,"column":42}}],"line":128},"17":{"loc":{"start":{"line":138,"column":4},"end":{"line":140,"column":null}},"type":"if","locations":[{"start":{"line":138,"column":4},"end":{"line":140,"column":null}},{"start":{},"end":{}}],"line":138},"18":{"loc":{"start":{"line":142,"column":6},"end":{"line":144,"column":null}},"type":"if","locations":[{"start":{"line":142,"column":6},"end":{"line":144,"column":null}},{"start":{},"end":{}}],"line":142},"19":{"loc":{"start":{"line":146,"column":21},"end":{"line":146,"column":null}},"type":"binary-expr","locations":[{"start":{"line":146,"column":21},"end":{"line":146,"column":49}},{"start":{"line":146,"column":49},"end":{"line":146,"column":null}}],"line":146},"20":{"loc":{"start":{"line":150,"column":22},"end":{"line":150,"column":null}},"type":"cond-expr","locations":[{"start":{"line":150,"column":39},"end":{"line":150,"column":68}},{"start":{"line":150,"column":68},"end":{"line":150,"column":null}}],"line":150},"21":{"loc":{"start":{"line":158,"column":2},"end":{"line":160,"column":null}},"type":"if","locations":[{"start":{"line":158,"column":2},"end":{"line":160,"column":null}},{"start":{},"end":{}}],"line":158},"22":{"loc":{"start":{"line":169,"column":2},"end":{"line":177,"column":null}},"type":"if","locations":[{"start":{"line":169,"column":2},"end":{"line":177,"column":null}},{"start":{"line":171,"column":2},"end":{"line":177,"column":null}}],"line":169},"23":{"loc":{"start":{"line":171,"column":2},"end":{"line":177,"column":null}},"type":"if","locations":[{"start":{"line":171,"column":2},"end":{"line":177,"column":null}},{"start":{"line":173,"column":2},"end":{"line":177,"column":null}}],"line":171},"24":{"loc":{"start":{"line":173,"column":2},"end":{"line":177,"column":null}},"type":"if","locations":[{"start":{"line":173,"column":2},"end":{"line":177,"column":null}},{"start":{"line":175,"column":9},"end":{"line":177,"column":null}}],"line":173},"25":{"loc":{"start":{"line":180,"column":2},"end":{"line":182,"column":null}},"type":"if","locations":[{"start":{"line":180,"column":2},"end":{"line":182,"column":null}},{"start":{},"end":{}}],"line":180},"26":{"loc":{"start":{"line":183,"column":2},"end":{"line":185,"column":null}},"type":"if","locations":[{"start":{"line":183,"column":2},"end":{"line":185,"column":null}},{"start":{},"end":{}}],"line":183},"27":{"loc":{"start":{"line":183,"column":6},"end":{"line":183,"column":46}},"type":"binary-expr","locations":[{"start":{"line":183,"column":6},"end":{"line":183,"column":25}},{"start":{"line":183,"column":25},"end":{"line":183,"column":46}}],"line":183}},"s":{"0":56,"1":3,"2":53,"3":53,"4":53,"5":53,"6":365,"7":53,"8":365,"9":53,"10":365,"11":53,"12":365,"13":53,"14":56,"15":56,"16":9,"17":53,"18":7,"19":53,"20":53,"21":53,"22":53,"23":365,"24":365,"25":365,"26":363,"27":363,"28":28,"29":53,"30":56,"31":56,"32":56,"33":56,"34":47,"35":53,"36":7,"37":53,"38":53,"39":53,"40":53,"41":365,"42":365,"43":365,"44":53,"45":53,"46":53,"47":53,"48":53,"49":4,"50":53,"51":53,"52":53,"53":365,"54":363,"55":365,"56":740,"57":740,"58":365,"59":53,"60":53,"61":56,"62":56,"63":56,"64":56,"65":26,"66":53,"67":53,"68":2,"69":51,"70":12,"71":39,"72":16,"73":23,"74":53,"75":2,"76":53,"77":2,"78":53,"79":8,"80":8,"81":4,"82":4},"f":{"0":56,"1":365,"2":365,"3":365,"4":365,"5":365,"6":365,"7":365,"8":740,"9":8,"10":4},"b":{"0":[3,53],"1":[365,295],"2":[53,0],"3":[9,47],"4":[7,46],"5":[365,3],"6":[363,2],"7":[28,335],"8":[53,0],"9":[53,0],"10":[47,9],"11":[7,46],"12":[365,177],"13":[365,207],"14":[365,178],"15":[4,49],"16":[53,25],"17":[363,2],"18":[740,0],"19":[365,1],"20":[53,0],"21":[26,30],"22":[2,51],"23":[12,39],"24":[16,23],"25":[2,51],"26":[2,51],"27":[53,4]},"meta":{"lastBranch":28,"lastFunction":11,"lastStatement":83,"seen":{"f:30:16:30:43":0,"b:31:2:50:Infinity:undefined:undefined:undefined:undefined":0,"s:31:2:50:Infinity":0,"s:32:4:49:Infinity":1,"s:52:26:52:Infinity":2,"s:53:14:53:Infinity":3,"s:56:21:56:Infinity":4,"s:57:24:57:Infinity":5,"f:57:44:57:45":1,"s:57:51:57:77":6,"b:57:51:57:64:57:64:57:77":1,"s:58:22:58:Infinity":7,"f:58:42:58:43":2,"s:58:49:58:57":8,"s:59:24:59:Infinity":9,"f:59:44:59:45":3,"s:59:51:59:63":10,"s:60:24:60:Infinity":11,"f:60:44:60:45":4,"s:60:51:60:63":12,"s:64:24:64:Infinity":13,"b:64:41:64:70:64:70:64:Infinity":2,"s:65:25:65:Infinity":14,"b:67:2:69:Infinity:undefined:undefined:undefined:undefined":3,"s:67:2:69:Infinity":15,"s:68:4:68:Infinity":16,"b:70:2:72:Infinity:undefined:undefined:undefined:undefined":4,"s:70:2:72:Infinity":17,"s:71:4:71:Infinity":18,"s:76:22:76:Infinity":19,"s:77:28:77:Infinity":20,"s:78:21:78:Infinity":21,"s:80:2:92:Infinity":22,"f:80:23:80:24":5,"s:82:20:82:Infinity":23,"b:82:20:82:74:82:74:82:Infinity":5,"s:83:4:83:Infinity":24,"b:86:4:91:Infinity:undefined:undefined:undefined:undefined":6,"s:86:4:91:Infinity":25,"s:87:12:87:Infinity":26,"b:88:6:90:Infinity:undefined:undefined:undefined:undefined":7,"s:88:6:90:Infinity":27,"s:89:8:89:Infinity":28,"s:94:30:94:Infinity":29,"b:94:47:94:82:94:82:94:Infinity":8,"s:95:28:95:Infinity":30,"b:95:45:95:73:95:73:95:Infinity":9,"s:98:2:98:Infinity":31,"s:99:2:99:Infinity":32,"b:101:2:103:Infinity:undefined:undefined:undefined:undefined":10,"s:101:2:103:Infinity":33,"s:102:4:102:Infinity":34,"b:104:2:106:Infinity:undefined:undefined:undefined:undefined":11,"s:104:2:106:Infinity":35,"s:105:4:105:Infinity":36,"s:110:19:110:Infinity":37,"s:111:19:111:Infinity":38,"s:112:22:112:Infinity":39,"s:114:2:118:Infinity":40,"f:114:23:114:24":6,"s:115:4:115:Infinity":41,"b:115:18:115:41:115:41:115:Infinity":12,"s:116:4:116:Infinity":42,"b:116:18:116:36:116:36:116:Infinity":13,"s:117:4:117:Infinity":43,"b:117:21:117:50:117:50:117:Infinity":14,"s:122:20:122:Infinity":44,"s:123:20:123:Infinity":45,"s:124:23:124:Infinity":46,"s:126:26:126:Infinity":47,"b:128:2:130:Infinity:undefined:undefined:undefined:undefined":15,"s:128:2:130:Infinity":48,"b:128:6:128:26:128:26:128:42":16,"s:129:4:129:Infinity":49,"s:134:22:134:Infinity":50,"s:135:22:135:Infinity":51,"s:137:2:147:Infinity":52,"f:137:23:137:24":7,"b:138:4:140:Infinity:undefined:undefined:undefined:undefined":17,"s:138:4:140:Infinity":53,"s:139:6:139:Infinity":54,"s:141:4:145:Infinity":55,"f:141:33:141:34":8,"b:142:6:144:Infinity:undefined:undefined:undefined:undefined":18,"s:142:6:144:Infinity":56,"s:143:8:143:Infinity":57,"s:146:4:146:Infinity":58,"b:146:21:146:49:146:49:146:Infinity":19,"s:149:24:149:Infinity":59,"s:150:22:150:Infinity":60,"b:150:39:150:68:150:68:150:Infinity":20,"s:153:33:153:Infinity":61,"s:154:24:154:Infinity":62,"s:156:29:156:Infinity":63,"b:158:2:160:Infinity:undefined:undefined:undefined:undefined":21,"s:158:2:160:Infinity":64,"s:159:4:159:Infinity":65,"s:163:21:165:Infinity":66,"b:169:2:177:Infinity:171:2:177:Infinity":22,"s:169:2:177:Infinity":67,"s:170:4:170:Infinity":68,"b:171:2:177:Infinity:173:2:177:Infinity":23,"s:171:2:177:Infinity":69,"s:172:4:172:Infinity":70,"b:173:2:177:Infinity:175:9:177:Infinity":24,"s:173:2:177:Infinity":71,"s:174:4:174:Infinity":72,"s:176:4:176:Infinity":73,"b:180:2:182:Infinity:undefined:undefined:undefined:undefined":25,"s:180:2:182:Infinity":74,"s:181:4:181:Infinity":75,"b:183:2:185:Infinity:undefined:undefined:undefined:undefined":26,"s:183:2:185:Infinity":76,"b:183:6:183:25:183:25:183:46":27,"s:184:4:184:Infinity":77,"s:187:2:204:Infinity":78,"f:212:16:212:37":9,"s:213:17:218:Infinity":79,"s:219:2:219:Infinity":80,"f:227:16:227:41":10,"s:228:16:233:Infinity":81,"s:234:2:234:Infinity":82}}}
,"/Users/art/code/git-user-info/src/lib/repository-filters.ts": {"path":"/Users/art/code/git-user-info/src/lib/repository-filters.ts","statementMap":{"0":{"start":{"line":23,"column":17},"end":{"line":23,"column":null}},"1":{"start":{"line":25,"column":2},"end":{"line":69,"column":null}},"2":{"start":{"line":26,"column":23},"end":{"line":26,"column":null}},"3":{"start":{"line":28,"column":4},"end":{"line":66,"column":null}},"4":{"start":{"line":30,"column":8},"end":{"line":30,"column":null}},"5":{"start":{"line":31,"column":8},"end":{"line":31,"column":null}},"6":{"start":{"line":34,"column":8},"end":{"line":34,"column":null}},"7":{"start":{"line":35,"column":8},"end":{"line":35,"column":null}},"8":{"start":{"line":38,"column":8},"end":{"line":38,"column":null}},"9":{"start":{"line":39,"column":8},"end":{"line":39,"column":null}},"10":{"start":{"line":42,"column":25},"end":{"line":42,"column":null}},"11":{"start":{"line":43,"column":25},"end":{"line":43,"column":null}},"12":{"start":{"line":44,"column":8},"end":{"line":44,"column":null}},"13":{"start":{"line":45,"column":8},"end":{"line":45,"column":null}},"14":{"start":{"line":49,"column":8},"end":{"line":49,"column":null}},"15":{"start":{"line":50,"column":8},"end":{"line":50,"column":null}},"16":{"start":{"line":53,"column":8},"end":{"line":53,"column":null}},"17":{"start":{"line":54,"column":8},"end":{"line":54,"column":null}},"18":{"start":{"line":57,"column":8},"end":{"line":57,"column":null}},"19":{"start":{"line":58,"column":8},"end":{"line":58,"column":null}},"20":{"start":{"line":61,"column":8},"end":{"line":61,"column":null}},"21":{"start":{"line":62,"column":8},"end":{"line":62,"column":null}},"22":{"start":{"line":65,"column":8},"end":{"line":65,"column":null}},"23":{"start":{"line":68,"column":4},"end":{"line":68,"column":null}},"24":{"start":{"line":71,"column":2},"end":{"line":71,"column":null}},"25":{"start":{"line":94,"column":17},"end":{"line":94,"column":null}},"26":{"start":{"line":97,"column":2},"end":{"line":99,"column":null}},"27":{"start":{"line":98,"column":4},"end":{"line":98,"column":null}},"28":{"start":{"line":98,"column":41},"end":{"line":98,"column":73}},"29":{"start":{"line":102,"column":2},"end":{"line":104,"column":null}},"30":{"start":{"line":103,"column":4},"end":{"line":103,"column":null}},"31":{"start":{"line":103,"column":41},"end":{"line":103,"column":52}},"32":{"start":{"line":107,"column":2},"end":{"line":109,"column":null}},"33":{"start":{"line":108,"column":4},"end":{"line":108,"column":null}},"34":{"start":{"line":108,"column":41},"end":{"line":108,"column":57}},"35":{"start":{"line":112,"column":2},"end":{"line":118,"column":null}},"36":{"start":{"line":113,"column":4},"end":{"line":117,"column":null}},"37":{"start":{"line":114,"column":26},"end":{"line":114,"column":null}},"38":{"start":{"line":115,"column":25},"end":{"line":115,"column":null}},"39":{"start":{"line":116,"column":6},"end":{"line":116,"column":null}},"40":{"start":{"line":121,"column":2},"end":{"line":123,"column":null}},"41":{"start":{"line":122,"column":4},"end":{"line":122,"column":null}},"42":{"start":{"line":122,"column":32},"end":{"line":122,"column":88}},"43":{"start":{"line":126,"column":2},"end":{"line":133,"column":null}},"44":{"start":{"line":127,"column":18},"end":{"line":127,"column":null}},"45":{"start":{"line":128,"column":4},"end":{"line":132,"column":null}},"46":{"start":{"line":129,"column":19},"end":{"line":129,"column":null}},"47":{"start":{"line":130,"column":12},"end":{"line":130,"column":null}},"48":{"start":{"line":131,"column":6},"end":{"line":131,"column":null}},"49":{"start":{"line":136,"column":2},"end":{"line":140,"column":null}},"50":{"start":{"line":137,"column":4},"end":{"line":139,"column":null}},"51":{"start":{"line":138,"column":6},"end":{"line":138,"column":null}},"52":{"start":{"line":143,"column":2},"end":{"line":145,"column":null}},"53":{"start":{"line":144,"column":4},"end":{"line":144,"column":null}},"54":{"start":{"line":144,"column":41},"end":{"line":144,"column":66}},"55":{"start":{"line":147,"column":2},"end":{"line":147,"column":null}},"56":{"start":{"line":163,"column":20},"end":{"line":163,"column":null}},"57":{"start":{"line":165,"column":2},"end":{"line":174,"column":null}},"58":{"start":{"line":166,"column":4},"end":{"line":168,"column":null}},"59":{"start":{"line":167,"column":6},"end":{"line":167,"column":null}},"60":{"start":{"line":169,"column":4},"end":{"line":173,"column":null}},"61":{"start":{"line":170,"column":6},"end":{"line":172,"column":null}},"62":{"start":{"line":171,"column":8},"end":{"line":171,"column":null}},"63":{"start":{"line":176,"column":2},"end":{"line":176,"column":null}},"64":{"start":{"line":196,"column":47},"end":{"line":196,"column":null}},"65":{"start":{"line":198,"column":2},"end":{"line":222,"column":null}},"66":{"start":{"line":201,"column":4},"end":{"line":216,"column":null}},"67":{"start":{"line":203,"column":8},"end":{"line":203,"column":null}},"68":{"start":{"line":204,"column":8},"end":{"line":204,"column":null}},"69":{"start":{"line":207,"column":8},"end":{"line":207,"column":null}},"70":{"start":{"line":208,"column":8},"end":{"line":208,"column":null}},"71":{"start":{"line":211,"column":8},"end":{"line":211,"column":null}},"72":{"start":{"line":212,"column":8},"end":{"line":212,"column":null}},"73":{"start":{"line":215,"column":8},"end":{"line":215,"column":null}},"74":{"start":{"line":218,"column":4},"end":{"line":220,"column":null}},"75":{"start":{"line":219,"column":6},"end":{"line":219,"column":null}},"76":{"start":{"line":221,"column":4},"end":{"line":221,"column":null}},"77":{"start":{"line":224,"column":2},"end":{"line":224,"column":null}},"78":{"start":{"line":252,"column":16},"end":{"line":252,"column":null}},"79":{"start":{"line":254,"column":2},"end":{"line":268,"column":null}},"80":{"start":{"line":255,"column":4},"end":{"line":267,"column":null}},"81":{"start":{"line":270,"column":19},"end":{"line":270,"column":null}},"82":{"start":{"line":271,"column":19},"end":{"line":271,"column":null}},"83":{"start":{"line":272,"column":22},"end":{"line":272,"column":null}},"84":{"start":{"line":273,"column":18},"end":{"line":273,"column":null}},"85":{"start":{"line":274,"column":22},"end":{"line":274,"column":null}},"86":{"start":{"line":275,"column":18},"end":{"line":275,"column":null}},"87":{"start":{"line":276,"column":22},"end":{"line":276,"column":null}},"88":{"start":{"line":278,"column":2},"end":{"line":293,"column":null}},"89":{"start":{"line":279,"column":4},"end":{"line":279,"column":null}},"90":{"start":{"line":280,"column":4},"end":{"line":280,"column":null}},"91":{"start":{"line":281,"column":4},"end":{"line":281,"column":null}},"92":{"start":{"line":282,"column":4},"end":{"line":282,"column":null}},"93":{"start":{"line":284,"column":4},"end":{"line":286,"column":null}},"94":{"start":{"line":285,"column":6},"end":{"line":285,"column":null}},"95":{"start":{"line":287,"column":4},"end":{"line":289,"column":null}},"96":{"start":{"line":288,"column":6},"end":{"line":288,"column":null}},"97":{"start":{"line":290,"column":4},"end":{"line":292,"column":null}},"98":{"start":{"line":291,"column":6},"end":{"line":291,"column":null}},"99":{"start":{"line":295,"column":2},"end":{"line":307,"column":null}}},"fnMap":{"0":{"name":"sortRepositories","decl":{"start":{"line":18,"column":16},"end":{"line":18,"column":null}},"loc":{"start":{"line":22,"column":16},"end":{"line":72,"column":null}},"line":22},"1":{"name":"(anonymous_1)","decl":{"start":{"line":25,"column":14},"end":{"line":25,"column":15}},"loc":{"start":{"line":25,"column":24},"end":{"line":69,"column":3}},"line":25},"2":{"name":"filterRepositories","decl":{"start":{"line":90,"column":16},"end":{"line":90,"column":null}},"loc":{"start":{"line":93,"column":16},"end":{"line":148,"column":null}},"line":93},"3":{"name":"(anonymous_3)","decl":{"start":{"line":98,"column":31},"end":{"line":98,"column":32}},"loc":{"start":{"line":98,"column":41},"end":{"line":98,"column":73}},"line":98},"4":{"name":"(anonymous_4)","decl":{"start":{"line":103,"column":31},"end":{"line":103,"column":32}},"loc":{"start":{"line":103,"column":41},"end":{"line":103,"column":52}},"line":103},"5":{"name":"(anonymous_5)","decl":{"start":{"line":108,"column":31},"end":{"line":108,"column":32}},"loc":{"start":{"line":108,"column":41},"end":{"line":108,"column":57}},"line":108},"6":{"name":"(anonymous_6)","decl":{"start":{"line":113,"column":31},"end":{"line":113,"column":32}},"loc":{"start":{"line":113,"column":41},"end":{"line":117,"column":5}},"line":113},"7":{"name":"(anonymous_7)","decl":{"start":{"line":122,"column":31},"end":{"line":122,"column":32}},"loc":{"start":{"line":122,"column":32},"end":{"line":122,"column":88}},"line":122},"8":{"name":"(anonymous_8)","decl":{"start":{"line":128,"column":31},"end":{"line":128,"column":32}},"loc":{"start":{"line":128,"column":41},"end":{"line":132,"column":5}},"line":128},"9":{"name":"(anonymous_9)","decl":{"start":{"line":137,"column":31},"end":{"line":137,"column":32}},"loc":{"start":{"line":137,"column":41},"end":{"line":139,"column":5}},"line":137},"10":{"name":"(anonymous_10)","decl":{"start":{"line":144,"column":31},"end":{"line":144,"column":32}},"loc":{"start":{"line":144,"column":41},"end":{"line":144,"column":66}},"line":144},"11":{"name":"getUniqueLanguages","decl":{"start":{"line":162,"column":16},"end":{"line":162,"column":35}},"loc":{"start":{"line":162,"column":73},"end":{"line":177,"column":null}},"line":162},"12":{"name":"(anonymous_12)","decl":{"start":{"line":165,"column":23},"end":{"line":165,"column":24}},"loc":{"start":{"line":165,"column":33},"end":{"line":174,"column":3}},"line":165},"13":{"name":"(anonymous_13)","decl":{"start":{"line":169,"column":33},"end":{"line":169,"column":34}},"loc":{"start":{"line":169,"column":43},"end":{"line":173,"column":5}},"line":169},"14":{"name":"groupRepositories","decl":{"start":{"line":192,"column":16},"end":{"line":192,"column":null}},"loc":{"start":{"line":195,"column":32},"end":{"line":225,"column":null}},"line":195},"15":{"name":"(anonymous_15)","decl":{"start":{"line":198,"column":23},"end":{"line":198,"column":24}},"loc":{"start":{"line":198,"column":33},"end":{"line":222,"column":3}},"line":198},"16":{"name":"getRepositoryStats","decl":{"start":{"line":239,"column":16},"end":{"line":239,"column":35}},"loc":{"start":{"line":251,"column":2},"end":{"line":308,"column":null}},"line":251},"17":{"name":"(anonymous_17)","decl":{"start":{"line":278,"column":23},"end":{"line":278,"column":24}},"loc":{"start":{"line":278,"column":33},"end":{"line":293,"column":3}},"line":278}},"branchMap":{"0":{"loc":{"start":{"line":21,"column":2},"end":{"line":21,"column":null}},"type":"default-arg","locations":[{"start":{"line":21,"column":29},"end":{"line":21,"column":null}}],"line":21},"1":{"loc":{"start":{"line":28,"column":4},"end":{"line":66,"column":null}},"type":"switch","locations":[{"start":{"line":29,"column":6},"end":{"line":31,"column":null}},{"start":{"line":33,"column":6},"end":{"line":35,"column":null}},{"start":{"line":37,"column":6},"end":{"line":39,"column":null}},{"start":{"line":41,"column":6},"end":{"line":46,"column":null}},{"start":{"line":48,"column":6},"end":{"line":50,"column":null}},{"start":{"line":52,"column":6},"end":{"line":54,"column":null}},{"start":{"line":56,"column":6},"end":{"line":58,"column":null}},{"start":{"line":60,"column":6},"end":{"line":62,"column":null}},{"start":{"line":64,"column":6},"end":{"line":65,"column":null}}],"line":28},"2":{"loc":{"start":{"line":30,"column":24},"end":{"line":30,"column":50}},"type":"binary-expr","locations":[{"start":{"line":30,"column":24},"end":{"line":30,"column":44}},{"start":{"line":30,"column":44},"end":{"line":30,"column":50}}],"line":30},"3":{"loc":{"start":{"line":30,"column":50},"end":{"line":30,"column":null}},"type":"binary-expr","locations":[{"start":{"line":30,"column":50},"end":{"line":30,"column":70}},{"start":{"line":30,"column":70},"end":{"line":30,"column":null}}],"line":30},"4":{"loc":{"start":{"line":34,"column":24},"end":{"line":34,"column":45}},"type":"binary-expr","locations":[{"start":{"line":34,"column":24},"end":{"line":34,"column":39}},{"start":{"line":34,"column":39},"end":{"line":34,"column":45}}],"line":34},"5":{"loc":{"start":{"line":34,"column":45},"end":{"line":34,"column":null}},"type":"binary-expr","locations":[{"start":{"line":34,"column":45},"end":{"line":34,"column":60}},{"start":{"line":34,"column":60},"end":{"line":34,"column":null}}],"line":34},"6":{"loc":{"start":{"line":38,"column":24},"end":{"line":38,"column":56}},"type":"binary-expr","locations":[{"start":{"line":38,"column":24},"end":{"line":38,"column":50}},{"start":{"line":38,"column":50},"end":{"line":38,"column":56}}],"line":38},"7":{"loc":{"start":{"line":38,"column":56},"end":{"line":38,"column":null}},"type":"binary-expr","locations":[{"start":{"line":38,"column":56},"end":{"line":38,"column":82}},{"start":{"line":38,"column":82},"end":{"line":38,"column":null}}],"line":38},"8":{"loc":{"start":{"line":42,"column":25},"end":{"line":42,"column":null}},"type":"binary-expr","locations":[{"start":{"line":42,"column":25},"end":{"line":42,"column":76}},{"start":{"line":42,"column":76},"end":{"line":42,"column":null}}],"line":42},"9":{"loc":{"start":{"line":43,"column":25},"end":{"line":43,"column":null}},"type":"binary-expr","locations":[{"start":{"line":43,"column":25},"end":{"line":43,"column":76}},{"start":{"line":43,"column":76},"end":{"line":43,"column":null}}],"line":43},"10":{"loc":{"start":{"line":49,"column":24},"end":{"line":49,"column":45}},"type":"binary-expr","locations":[{"start":{"line":49,"column":24},"end":{"line":49,"column":39}},{"start":{"line":49,"column":39},"end":{"line":49,"column":45}}],"line":49},"11":{"loc":{"start":{"line":49,"column":45},"end":{"line":49,"column":null}},"type":"binary-expr","locations":[{"start":{"line":49,"column":45},"end":{"line":49,"column":60}},{"start":{"line":49,"column":60},"end":{"line":49,"column":null}}],"line":49},"12":{"loc":{"start":{"line":68,"column":11},"end":{"line":68,"column":null}},"type":"cond-expr","locations":[{"start":{"line":68,"column":33},"end":{"line":68,"column":48}},{"start":{"line":68,"column":48},"end":{"line":68,"column":null}}],"line":68},"13":{"loc":{"start":{"line":97,"column":2},"end":{"line":99,"column":null}},"type":"if","locations":[{"start":{"line":97,"column":2},"end":{"line":99,"column":null}},{"start":{},"end":{}}],"line":97},"14":{"loc":{"start":{"line":98,"column":41},"end":{"line":98,"column":73}},"type":"binary-expr","locations":[{"start":{"line":98,"column":41},"end":{"line":98,"column":57}},{"start":{"line":98,"column":57},"end":{"line":98,"column":73}}],"line":98},"15":{"loc":{"start":{"line":102,"column":2},"end":{"line":104,"column":null}},"type":"if","locations":[{"start":{"line":102,"column":2},"end":{"line":104,"column":null}},{"start":{},"end":{}}],"line":102},"16":{"loc":{"start":{"line":107,"column":2},"end":{"line":109,"column":null}},"type":"if","locations":[{"start":{"line":107,"column":2},"end":{"line":109,"column":null}},{"start":{},"end":{}}],"line":107},"17":{"loc":{"start":{"line":112,"column":2},"end":{"line":118,"column":null}},"type":"if","locations":[{"start":{"line":112,"column":2},"end":{"line":118,"column":null}},{"start":{},"end":{}}],"line":112},"18":{"loc":{"start":{"line":121,"column":2},"end":{"line":123,"column":null}},"type":"if","locations":[{"start":{"line":121,"column":2},"end":{"line":123,"column":null}},{"start":{},"end":{}}],"line":121},"19":{"loc":{"start":{"line":121,"column":6},"end":{"line":121,"column":62}},"type":"binary-expr","locations":[{"start":{"line":121,"column":6},"end":{"line":121,"column":40}},{"start":{"line":121,"column":40},"end":{"line":121,"column":62}}],"line":121},"20":{"loc":{"start":{"line":122,"column":42},"end":{"line":122,"column":71}},"type":"binary-expr","locations":[{"start":{"line":122,"column":42},"end":{"line":122,"column":65}},{"start":{"line":122,"column":65},"end":{"line":122,"column":71}}],"line":122},"21":{"loc":{"start":{"line":126,"column":2},"end":{"line":133,"column":null}},"type":"if","locations":[{"start":{"line":126,"column":2},"end":{"line":133,"column":null}},{"start":{},"end":{}}],"line":126},"22":{"loc":{"start":{"line":126,"column":6},"end":{"line":126,"column":57}},"type":"binary-expr","locations":[{"start":{"line":126,"column":6},"end":{"line":126,"column":29}},{"start":{"line":126,"column":29},"end":{"line":126,"column":57}}],"line":126},"23":{"loc":{"start":{"line":130,"column":27},"end":{"line":130,"column":51}},"type":"binary-expr","locations":[{"start":{"line":130,"column":27},"end":{"line":130,"column":47}},{"start":{"line":130,"column":47},"end":{"line":130,"column":51}}],"line":130},"24":{"loc":{"start":{"line":131,"column":13},"end":{"line":131,"column":null}},"type":"binary-expr","locations":[{"start":{"line":131,"column":13},"end":{"line":131,"column":37}},{"start":{"line":131,"column":37},"end":{"line":131,"column":null}}],"line":131},"25":{"loc":{"start":{"line":136,"column":2},"end":{"line":140,"column":null}},"type":"if","locations":[{"start":{"line":136,"column":2},"end":{"line":140,"column":null}},{"start":{},"end":{}}],"line":136},"26":{"loc":{"start":{"line":143,"column":2},"end":{"line":145,"column":null}},"type":"if","locations":[{"start":{"line":143,"column":2},"end":{"line":145,"column":null}},{"start":{},"end":{}}],"line":143},"27":{"loc":{"start":{"line":166,"column":4},"end":{"line":168,"column":null}},"type":"if","locations":[{"start":{"line":166,"column":4},"end":{"line":168,"column":null}},{"start":{},"end":{}}],"line":166},"28":{"loc":{"start":{"line":170,"column":6},"end":{"line":172,"column":null}},"type":"if","locations":[{"start":{"line":170,"column":6},"end":{"line":172,"column":null}},{"start":{},"end":{}}],"line":170},"29":{"loc":{"start":{"line":201,"column":4},"end":{"line":216,"column":null}},"type":"switch","locations":[{"start":{"line":202,"column":6},"end":{"line":204,"column":null}},{"start":{"line":206,"column":6},"end":{"line":208,"column":null}},{"start":{"line":210,"column":6},"end":{"line":212,"column":null}},{"start":{"line":214,"column":6},"end":{"line":215,"column":null}}],"line":201},"30":{"loc":{"start":{"line":203,"column":14},"end":{"line":203,"column":null}},"type":"binary-expr","locations":[{"start":{"line":203,"column":14},"end":{"line":203,"column":44}},{"start":{"line":203,"column":44},"end":{"line":203,"column":null}}],"line":203},"31":{"loc":{"start":{"line":211,"column":14},"end":{"line":211,"column":null}},"type":"cond-expr","locations":[{"start":{"line":211,"column":28},"end":{"line":211,"column":39}},{"start":{"line":211,"column":39},"end":{"line":211,"column":null}}],"line":211},"32":{"loc":{"start":{"line":218,"column":4},"end":{"line":220,"column":null}},"type":"if","locations":[{"start":{"line":218,"column":4},"end":{"line":220,"column":null}},{"start":{},"end":{}}],"line":218},"33":{"loc":{"start":{"line":254,"column":2},"end":{"line":268,"column":null}},"type":"if","locations":[{"start":{"line":254,"column":2},"end":{"line":268,"column":null}},{"start":{},"end":{}}],"line":254},"34":{"loc":{"start":{"line":279,"column":18},"end":{"line":279,"column":null}},"type":"binary-expr","locations":[{"start":{"line":279,"column":18},"end":{"line":279,"column":41}},{"start":{"line":279,"column":41},"end":{"line":279,"column":null}}],"line":279},"35":{"loc":{"start":{"line":280,"column":18},"end":{"line":280,"column":null}},"type":"binary-expr","locations":[{"start":{"line":280,"column":18},"end":{"line":280,"column":36}},{"start":{"line":280,"column":36},"end":{"line":280,"column":null}}],"line":280},"36":{"loc":{"start":{"line":281,"column":21},"end":{"line":281,"column":null}},"type":"binary-expr","locations":[{"start":{"line":281,"column":21},"end":{"line":281,"column":50}},{"start":{"line":281,"column":50},"end":{"line":281,"column":null}}],"line":281},"37":{"loc":{"start":{"line":282,"column":17},"end":{"line":282,"column":null}},"type":"binary-expr","locations":[{"start":{"line":282,"column":17},"end":{"line":282,"column":35}},{"start":{"line":282,"column":35},"end":{"line":282,"column":null}}],"line":282},"38":{"loc":{"start":{"line":284,"column":4},"end":{"line":286,"column":null}},"type":"if","locations":[{"start":{"line":284,"column":4},"end":{"line":286,"column":null}},{"start":{},"end":{}}],"line":284},"39":{"loc":{"start":{"line":284,"column":8},"end":{"line":284,"column":42}},"type":"binary-expr","locations":[{"start":{"line":284,"column":8},"end":{"line":284,"column":24}},{"start":{"line":284,"column":24},"end":{"line":284,"column":42}}],"line":284},"40":{"loc":{"start":{"line":287,"column":4},"end":{"line":289,"column":null}},"type":"if","locations":[{"start":{"line":287,"column":4},"end":{"line":289,"column":null}},{"start":{},"end":{}}],"line":287},"41":{"loc":{"start":{"line":290,"column":4},"end":{"line":292,"column":null}},"type":"if","locations":[{"start":{"line":290,"column":4},"end":{"line":292,"column":null}},{"start":{},"end":{}}],"line":290}},"s":{"0":79,"1":79,"2":79,"3":79,"4":31,"5":31,"6":8,"7":8,"8":4,"9":4,"10":8,"11":8,"12":8,"13":8,"14":4,"15":4,"16":8,"17":8,"18":4,"19":4,"20":12,"21":12,"22":0,"23":79,"24":79,"25":45,"26":45,"27":16,"28":31,"29":45,"30":2,"31":6,"32":45,"33":4,"34":11,"35":45,"36":12,"37":18,"38":18,"39":18,"40":45,"41":15,"42":21,"43":45,"44":6,"45":6,"46":11,"47":11,"48":11,"49":45,"50":2,"51":5,"52":45,"53":2,"54":5,"55":45,"56":3,"57":3,"58":7,"59":6,"60":7,"61":4,"62":4,"63":3,"64":4,"65":4,"66":10,"67":4,"68":4,"69":3,"70":3,"71":3,"72":3,"73":0,"74":10,"75":7,"76":10,"77":4,"78":3,"79":3,"80":1,"81":2,"82":2,"83":2,"84":2,"85":2,"86":2,"87":2,"88":2,"89":4,"90":4,"91":4,"92":4,"93":4,"94":3,"95":4,"96":1,"97":4,"98":1,"99":2},"f":{"0":79,"1":79,"2":45,"3":31,"4":6,"5":11,"6":18,"7":21,"8":11,"9":5,"10":5,"11":3,"12":7,"13":4,"14":4,"15":10,"16":3,"17":4},"b":{"0":[79],"1":[31,8,4,8,4,8,4,12,0],"2":[31,0],"3":[31,0],"4":[8,0],"5":[8,0],"6":[4,0],"7":[4,0],"8":[8,0],"9":[8,1],"10":[4,0],"11":[4,0],"12":[21,58],"13":[16,29],"14":[31,23],"15":[2,43],"16":[4,41],"17":[12,33],"18":[15,30],"19":[45,16],"20":[21,0],"21":[6,39],"22":[45,6],"23":[11,1],"24":[11,5],"25":[2,43],"26":[2,43],"27":[6,1],"28":[4,0],"29":[4,3,3,0],"30":[4,1],"31":[1,2],"32":[7,3],"33":[1,2],"34":[4,1],"35":[4,1],"36":[4,1],"37":[4,1],"38":[3,1],"39":[4,3],"40":[1,3],"41":[1,3]},"meta":{"lastBranch":42,"lastFunction":18,"lastStatement":100,"seen":{"f:18:16:18:Infinity":0,"b:21:29:21:Infinity":0,"s:23:17:23:Infinity":0,"s:25:2:69:Infinity":1,"f:25:14:25:15":1,"s:26:23:26:Infinity":2,"b:29:6:31:Infinity:33:6:35:Infinity:37:6:39:Infinity:41:6:46:Infinity:48:6:50:Infinity:52:6:54:Infinity:56:6:58:Infinity:60:6:62:Infinity:64:6:65:Infinity":1,"s:28:4:66:Infinity":3,"s:30:8:30:Infinity":4,"b:30:24:30:44:30:44:30:50":2,"b:30:50:30:70:30:70:30:Infinity":3,"s:31:8:31:Infinity":5,"s:34:8:34:Infinity":6,"b:34:24:34:39:34:39:34:45":4,"b:34:45:34:60:34:60:34:Infinity":5,"s:35:8:35:Infinity":7,"s:38:8:38:Infinity":8,"b:38:24:38:50:38:50:38:56":6,"b:38:56:38:82:38:82:38:Infinity":7,"s:39:8:39:Infinity":9,"s:42:25:42:Infinity":10,"b:42:25:42:76:42:76:42:Infinity":8,"s:43:25:43:Infinity":11,"b:43:25:43:76:43:76:43:Infinity":9,"s:44:8:44:Infinity":12,"s:45:8:45:Infinity":13,"s:49:8:49:Infinity":14,"b:49:24:49:39:49:39:49:45":10,"b:49:45:49:60:49:60:49:Infinity":11,"s:50:8:50:Infinity":15,"s:53:8:53:Infinity":16,"s:54:8:54:Infinity":17,"s:57:8:57:Infinity":18,"s:58:8:58:Infinity":19,"s:61:8:61:Infinity":20,"s:62:8:62:Infinity":21,"s:65:8:65:Infinity":22,"s:68:4:68:Infinity":23,"b:68:33:68:48:68:48:68:Infinity":12,"s:71:2:71:Infinity":24,"f:90:16:90:Infinity":2,"s:94:17:94:Infinity":25,"b:97:2:99:Infinity:undefined:undefined:undefined:undefined":13,"s:97:2:99:Infinity":26,"s:98:4:98:Infinity":27,"f:98:31:98:32":3,"s:98:41:98:73":28,"b:98:41:98:57:98:57:98:73":14,"b:102:2:104:Infinity:undefined:undefined:undefined:undefined":15,"s:102:2:104:Infinity":29,"s:103:4:103:Infinity":30,"f:103:31:103:32":4,"s:103:41:103:52":31,"b:107:2:109:Infinity:undefined:undefined:undefined:undefined":16,"s:107:2:109:Infinity":32,"s:108:4:108:Infinity":33,"f:108:31:108:32":5,"s:108:41:108:57":34,"b:112:2:118:Infinity:undefined:undefined:undefined:undefined":17,"s:112:2:118:Infinity":35,"s:113:4:117:Infinity":36,"f:113:31:113:32":6,"s:114:26:114:Infinity":37,"s:115:25:115:Infinity":38,"s:116:6:116:Infinity":39,"b:121:2:123:Infinity:undefined:undefined:undefined:undefined":18,"s:121:2:123:Infinity":40,"b:121:6:121:40:121:40:121:62":19,"s:122:4:122:Infinity":41,"f:122:31:122:32":7,"s:122:32:122:88":42,"b:122:42:122:65:122:65:122:71":20,"b:126:2:133:Infinity:undefined:undefined:undefined:undefined":21,"s:126:2:133:Infinity":43,"b:126:6:126:29:126:29:126:57":22,"s:127:18:127:Infinity":44,"s:128:4:132:Infinity":45,"f:128:31:128:32":8,"s:129:19:129:Infinity":46,"s:130:12:130:Infinity":47,"b:130:27:130:47:130:47:130:51":23,"s:131:6:131:Infinity":48,"b:131:13:131:37:131:37:131:Infinity":24,"b:136:2:140:Infinity:undefined:undefined:undefined:undefined":25,"s:136:2:140:Infinity":49,"s:137:4:139:Infinity":50,"f:137:31:137:32":9,"s:138:6:138:Infinity":51,"b:143:2:145:Infinity:undefined:undefined:undefined:undefined":26,"s:143:2:145:Infinity":52,"s:144:4:144:Infinity":53,"f:144:31:144:32":10,"s:144:41:144:66":54,"s:147:2:147:Infinity":55,"f:162:16:162:35":11,"s:163:20:163:Infinity":56,"s:165:2:174:Infinity":57,"f:165:23:165:24":12,"b:166:4:168:Infinity:undefined:undefined:undefined:undefined":27,"s:166:4:168:Infinity":58,"s:167:6:167:Infinity":59,"s:169:4:173:Infinity":60,"f:169:33:169:34":13,"b:170:6:172:Infinity:undefined:undefined:undefined:undefined":28,"s:170:6:172:Infinity":61,"s:171:8:171:Infinity":62,"s:176:2:176:Infinity":63,"f:192:16:192:Infinity":14,"s:196:47:196:Infinity":64,"s:198:2:222:Infinity":65,"f:198:23:198:24":15,"b:202:6:204:Infinity:206:6:208:Infinity:210:6:212:Infinity:214:6:215:Infinity":29,"s:201:4:216:Infinity":66,"s:203:8:203:Infinity":67,"b:203:14:203:44:203:44:203:Infinity":30,"s:204:8:204:Infinity":68,"s:207:8:207:Infinity":69,"s:208:8:208:Infinity":70,"s:211:8:211:Infinity":71,"b:211:28:211:39:211:39:211:Infinity":31,"s:212:8:212:Infinity":72,"s:215:8:215:Infinity":73,"b:218:4:220:Infinity:undefined:undefined:undefined:undefined":32,"s:218:4:220:Infinity":74,"s:219:6:219:Infinity":75,"s:221:4:221:Infinity":76,"s:224:2:224:Infinity":77,"f:239:16:239:35":16,"s:252:16:252:Infinity":78,"b:254:2:268:Infinity:undefined:undefined:undefined:undefined":33,"s:254:2:268:Infinity":79,"s:255:4:267:Infinity":80,"s:270:19:270:Infinity":81,"s:271:19:271:Infinity":82,"s:272:22:272:Infinity":83,"s:273:18:273:Infinity":84,"s:274:22:274:Infinity":85,"s:275:18:275:Infinity":86,"s:276:22:276:Infinity":87,"s:278:2:293:Infinity":88,"f:278:23:278:24":17,"s:279:4:279:Infinity":89,"b:279:18:279:41:279:41:279:Infinity":34,"s:280:4:280:Infinity":90,"b:280:18:280:36:280:36:280:Infinity":35,"s:281:4:281:Infinity":91,"b:281:21:281:50:281:50:281:Infinity":36,"s:282:4:282:Infinity":92,"b:282:17:282:35:282:35:282:Infinity":37,"b:284:4:286:Infinity:undefined:undefined:undefined:undefined":38,"s:284:4:286:Infinity":93,"b:284:8:284:24:284:24:284:42":39,"s:285:6:285:Infinity":94,"b:287:4:289:Infinity:undefined:undefined:undefined:undefined":40,"s:287:4:289:Infinity":95,"s:288:6:288:Infinity":96,"b:290:4:292:Infinity:undefined:undefined:undefined:undefined":41,"s:290:4:292:Infinity":97,"s:291:6:291:Infinity":98,"s:295:2:307:Infinity":99}}}
[...]
6,"column":null}},"23":{"start":{"line":128,"column":2},"end":{"line":135,"column":null}},"24":{"start":{"line":129,"column":4},"end":{"line":134,"column":null}},"25":{"start":{"line":138,"column":2},"end":{"line":138,"column":null}},"26":{"start":{"line":138,"column":30},"end":{"line":138,"column":45}},"27":{"start":{"line":155,"column":20},"end":{"line":155,"column":null}},"28":{"start":{"line":156,"column":2},"end":{"line":156,"column":null}},"29":{"start":{"line":156,"column":49},"end":{"line":156,"column":58}},"30":{"start":{"line":184,"column":22},"end":{"line":184,"column":null}},"31":{"start":{"line":186,"column":2},"end":{"line":199,"column":null}},"32":{"start":{"line":219,"column":2},"end":{"line":221,"column":null}},"33":{"start":{"line":220,"column":4},"end":{"line":220,"column":null}},"34":{"start":{"line":223,"column":17},"end":{"line":223,"column":null}},"35":{"start":{"line":224,"column":18},"end":{"line":224,"column":null}},"36":{"start":{"line":225,"column":19},"end":{"line":225,"column":null}},"37":{"start":{"line":227,"column":2},"end":{"line":232,"column":null}},"38":{"start":{"line":252,"column":27},"end":{"line":258,"column":null}},"39":{"start":{"line":253,"column":20},"end":{"line":256,"column":6}},"40":{"start":{"line":257,"column":22},"end":{"line":257,"column":38}},"41":{"start":{"line":258,"column":20},"end":{"line":258,"column":41}},"42":{"start":{"line":260,"column":2},"end":{"line":260,"column":null}},"43":{"start":{"line":276,"column":2},"end":{"line":279,"column":null}},"44":{"start":{"line":277,"column":20},"end":{"line":277,"column":null}},"45":{"start":{"line":278,"column":4},"end":{"line":278,"column":null}},"46":{"start":{"line":299,"column":2},"end":{"line":307,"column":null}},"47":{"start":{"line":301,"column":4},"end":{"line":303,"column":null}},"48":{"start":{"line":302,"column":6},"end":{"line":302,"column":null}},"49":{"start":{"line":306,"column":4},"end":{"line":306,"column":null}},"50":{"start":{"line":306,"column":47},"end":{"line":306,"column":74}},"51":{"start":{"line":324,"column":2},"end":{"line":326,"column":null}},"52":{"start":{"line":325,"column":4},"end":{"line":325,"column":null}},"53":{"start":{"line":328,"column":20},"end":{"line":328,"column":null}},"54":{"start":{"line":330,"column":2},"end":{"line":339,"column":null}},"55":{"start":{"line":331,"column":4},"end":{"line":333,"column":null}},"56":{"start":{"line":332,"column":6},"end":{"line":332,"column":null}},"57":{"start":{"line":334,"column":4},"end":{"line":338,"column":null}},"58":{"start":{"line":335,"column":6},"end":{"line":337,"column":null}},"59":{"start":{"line":336,"column":8},"end":{"line":336,"column":null}},"60":{"start":{"line":341,"column":24},"end":{"line":341,"column":null}},"61":{"start":{"line":346,"column":16},"end":{"line":346,"column":null}},"62":{"start":{"line":348,"column":2},"end":{"line":348,"column":null}},"63":{"start":{"line":377,"column":27},"end":{"line":377,"column":null}},"64":{"start":{"line":378,"column":27},"end":{"line":378,"column":null}},"65":{"start":{"line":379,"column":26},"end":{"line":379,"column":null}},"66":{"start":{"line":382,"column":4},"end":{"line":382,"column":null}},"67":{"start":{"line":384,"column":21},"end":{"line":384,"column":null}},"68":{"start":{"line":385,"column":24},"end":{"line":385,"column":null}},"69":{"start":{"line":386,"column":31},"end":{"line":386,"column":null}},"70":{"start":{"line":388,"column":2},"end":{"line":395,"column":null}},"71":{"start":{"line":412,"column":2},"end":{"line":414,"column":null}},"72":{"start":{"line":413,"column":4},"end":{"line":413,"column":null}},"73":{"start":{"line":415,"column":2},"end":{"line":417,"column":null}},"74":{"start":{"line":416,"column":4},"end":{"line":416,"column":null}},"75":{"start":{"line":418,"column":2},"end":{"line":418,"column":null}},"76":{"start":{"line":434,"column":2},"end":{"line":434,"column":null}},"77":{"start":{"line":434,"column":19},"end":{"line":434,"column":null}},"78":{"start":{"line":436,"column":16},"end":{"line":436,"column":null}},"79":{"start":{"line":437,"column":12},"end":{"line":437,"column":null}},"80":{"start":{"line":438,"column":16},"end":{"line":438,"column":null}},"81":{"start":{"line":440,"column":2},"end":{"line":440,"column":null}}},"fnMap":{"0":{"name":"calculateCommitsByRepository","decl":{"start":{"line":60,"column":16},"end":{"line":60,"column":null}},"loc":{"start":{"line":62,"column":27},"end":{"line":81,"column":null}},"line":62},"1":{"name":"(anonymous_1)","decl":{"start":{"line":67,"column":65},"end":{"line":67,"column":66}},"loc":{"start":{"line":67,"column":78},"end":{"line":77,"column":3}},"line":67},"2":{"name":"(anonymous_2)","decl":{"start":{"line":80,"column":20},"end":{"line":80,"column":21}},"loc":{"start":{"line":80,"column":30},"end":{"line":80,"column":59}},"line":80},"3":{"name":"calculateLanguageStatistics","decl":{"start":{"line":95,"column":16},"end":{"line":95,"column":44}},"loc":{"start":{"line":95,"column":89},"end":{"line":139,"column":null}},"line":95},"4":{"name":"(anonymous_4)","decl":{"start":{"line":108,"column":23},"end":{"line":108,"column":24}},"loc":{"start":{"line":108,"column":33},"end":{"line":123,"column":3}},"line":108},"5":{"name":"(anonymous_5)","decl":{"start":{"line":109,"column":33},"end":{"line":109,"column":34}},"loc":{"start":{"line":109,"column":43},"end":{"line":122,"column":5}},"line":109},"6":{"name":"(anonymous_6)","decl":{"start":{"line":128,"column":22},"end":{"line":128,"column":23}},"loc":{"start":{"line":128,"column":38},"end":{"line":135,"column":3}},"line":128},"7":{"name":"(anonymous_7)","decl":{"start":{"line":138,"column":20},"end":{"line":138,"column":21}},"loc":{"start":{"line":138,"column":30},"end":{"line":138,"column":45}},"line":138},"8":{"name":"getTopLanguages","decl":{"start":{"line":154,"column":16},"end":{"line":154,"column":32}},"loc":{"start":{"line":154,"column":89},"end":{"line":157,"column":null}},"line":154},"9":{"name":"(anonymous_9)","decl":{"start":{"line":156,"column":39},"end":{"line":156,"column":40}},"loc":{"start":{"line":156,"column":49},"end":{"line":156,"column":58}},"line":156},"10":{"name":"calculateYearlyCommitStats","decl":{"start":{"line":176,"column":16},"end":{"line":176,"column":null}},"loc":{"start":{"line":183,"column":23},"end":{"line":200,"column":null}},"line":183},"11":{"name":"calculateCommitActivity","decl":{"start":{"line":215,"column":16},"end":{"line":215,"column":null}},"loc":{"start":{"line":218,"column":18},"end":{"line":233,"column":null}},"line":218},"12":{"name":"getMostActiveRepositories","decl":{"start":{"line":248,"column":16},"end":{"line":248,"column":null}},"loc":{"start":{"line":251,"column":44},"end":{"line":261,"column":null}},"line":251},"13":{"name":"(anonymous_13)","decl":{"start":{"line":253,"column":9},"end":{"line":253,"column":10}},"loc":{"start":{"line":253,"column":20},"end":{"line":256,"column":6}},"line":253},"14":{"name":"(anonymous_14)","decl":{"start":{"line":257,"column":12},"end":{"line":257,"column":13}},"loc":{"start":{"line":257,"column":22},"end":{"line":257,"column":38}},"line":257},"15":{"name":"(anonymous_15)","decl":{"start":{"line":258,"column":10},"end":{"line":258,"column":11}},"loc":{"start":{"line":258,"column":20},"end":{"line":258,"column":41}},"line":258},"16":{"name":"getTotalCommits","decl":{"start":{"line":275,"column":16},"end":{"line":275,"column":32}},"loc":{"start":{"line":275,"column":68},"end":{"line":280,"column":null}},"line":275},"17":{"name":"(anonymous_17)","decl":{"start":{"line":276,"column":29},"end":{"line":276,"column":30}},"loc":{"start":{"line":276,"column":46},"end":{"line":279,"column":5}},"line":276},"18":{"name":"getRepositoriesByLanguage","decl":{"start":{"line":295,"column":16},"end":{"line":295,"column":null}},"loc":{"start":{"line":298,"column":16},"end":{"line":308,"column":null}},"line":298},"19":{"name":"(anonymous_19)","decl":{"start":{"line":299,"column":29},"end":{"line":299,"column":30}},"loc":{"start":{"line":299,"column":39},"end":{"line":307,"column":3}},"line":299},"20":{"name":"(anonymous_20)","decl":{"start":{"line":306,"column":37},"end":{"line":306,"column":38}},"loc":{"start":{"line":306,"column":47},"end":{"line":306,"column":74}},"line":306},"21":{"name":"calculateLanguageDiversity","decl":{"start":{"line":323,"column":16},"end":{"line":323,"column":43}},"loc":{"start":{"line":323,"column":79},"end":{"line":349,"column":null}},"line":323},"22":{"name":"(anonymous_22)","decl":{"start":{"line":330,"column":23},"end":{"line":330,"column":24}},"loc":{"start":{"line":330,"column":33},"end":{"line":339,"column":3}},"line":330},"23":{"name":"(anonymous_23)","decl":{"start":{"line":334,"column":33},"end":{"line":334,"column":34}},"loc":{"start":{"line":334,"column":43},"end":{"line":338,"column":5}},"line":334},"24":{"name":"getCommitStatsSummary","decl":{"start":{"line":366,"column":16},"end":{"line":366,"column":null}},"loc":{"start":{"line":376,"column":2},"end":{"line":396,"column":null}},"line":376},"25":{"name":"formatNumber","decl":{"start":{"line":411,"column":16},"end":{"line":411,"column":29}},"loc":{"start":{"line":411,"column":52},"end":{"line":419,"column":null}},"line":411},"26":{"name":"formatBytes","decl":{"start":{"line":433,"column":16},"end":{"line":433,"column":28}},"loc":{"start":{"line":433,"column":51},"end":{"line":441,"column":null}},"line":433}},"branchMap":{"0":{"loc":{"start":{"line":63,"column":2},"end":{"line":65,"column":null}},"type":"if","locations":[{"start":{"line":63,"column":2},"end":{"line":65,"column":null}},{"start":{},"end":{}}],"line":63},"1":{"loc":{"start":{"line":63,"column":6},"end":{"line":63,"column":64}},"type":"binary-expr","locations":[{"start":{"line":63,"column":6},"end":{"line":63,"column":30}},{"start":{"line":63,"column":30},"end":{"line":63,"column":64}}],"line":63},"2":{"loc":{"start":{"line":96,"column":2},"end":{"line":98,"column":null}},"type":"if","locations":[{"start":{"line":96,"column":2},"end":{"line":98,"column":null}},{"start":{},"end":{}}],"line":96},"3":{"loc":{"start":{"line":96,"column":6},"end":{"line":96,"column":50}},"type":"binary-expr","locations":[{"start":{"line":96,"column":6},"end":{"line":96,"column":23}},{"start":{"line":96,"column":23},"end":{"line":96,"column":50}}],"line":96},"4":{"loc":{"start":{"line":113,"column":6},"end":{"line":115,"column":null}},"type":"if","locations":[{"start":{"line":113,"column":6},"end":{"line":115,"column":null}},{"start":{},"end":{}}],"line":113},"5":{"loc":{"start":{"line":132,"column":18},"end":{"line":132,"column":null}},"type":"cond-expr","locations":[{"start":{"line":132,"column":35},"end":{"line":132,"column":66}},{"start":{"line":132,"column":66},"end":{"line":132,"column":null}}],"line":132},"6":{"loc":{"start":{"line":154,"column":60},"end":{"line":154,"column":89}},"type":"default-arg","locations":[{"start":{"line":154,"column":76},"end":{"line":154,"column":89}}],"line":154},"7":{"loc":{"start":{"line":182,"column":2},"end":{"line":182,"column":null}},"type":"default-arg","locations":[{"start":{"line":182,"column":22},"end":{"line":182,"column":null}}],"line":182},"8":{"loc":{"start":{"line":219,"column":2},"end":{"line":221,"column":null}},"type":"if","locations":[{"start":{"line":219,"column":2},"end":{"line":221,"column":null}},{"start":{},"end":{}}],"line":219},"9":{"loc":{"start":{"line":250,"column":2},"end":{"line":250,"column":null}},"type":"default-arg","locations":[{"start":{"line":250,"column":18},"end":{"line":250,"column":null}}],"line":250},"10":{"loc":{"start":{"line":255,"column":15},"end":{"line":255,"column":null}},"type":"binary-expr","locations":[{"start":{"line":255,"column":15},"end":{"line":255,"column":69}},{"start":{"line":255,"column":69},"end":{"line":255,"column":null}}],"line":255},"11":{"loc":{"start":{"line":277,"column":20},"end":{"line":277,"column":null}},"type":"binary-expr","locations":[{"start":{"line":277,"column":20},"end":{"line":277,"column":74}},{"start":{"line":277,"column":74},"end":{"line":277,"column":null}}],"line":277},"12":{"loc":{"start":{"line":301,"column":4},"end":{"line":303,"column":null}},"type":"if","locations":[{"start":{"line":301,"column":4},"end":{"line":303,"column":null}},{"start":{},"end":{}}],"line":301},"13":{"loc":{"start":{"line":324,"column":2},"end":{"line":326,"column":null}},"type":"if","locations":[{"start":{"line":324,"column":2},"end":{"line":326,"column":null}},{"start":{},"end":{}}],"line":324},"14":{"loc":{"start":{"line":324,"column":6},"end":{"line":324,"column":50}},"type":"binary-expr","locations":[{"start":{"line":324,"column":6},"end":{"line":324,"column":23}},{"start":{"line":324,"column":23},"end":{"line":324,"column":50}}],"line":324},"15":{"loc":{"start":{"line":331,"column":4},"end":{"line":333,"column":null}},"type":"if","locations":[{"start":{"line":331,"column":4},"end":{"line":333,"column":null}},{"start":{},"end":{}}],"line":331},"16":{"loc":{"start":{"line":335,"column":6},"end":{"line":337,"column":null}},"type":"if","locations":[{"start":{"line":335,"column":6},"end":{"line":337,"column":null}},{"start":{},"end":{}}],"line":335},"17":{"loc":{"start":{"line":382,"column":4},"end":{"line":382,"column":null}},"type":"cond-expr","locations":[{"start":{"line":382,"column":26},"end":{"line":382,"column":75}},{"start":{"line":382,"column":75},"end":{"line":382,"column":null}}],"line":382},"18":{"loc":{"start":{"line":385,"column":24},"end":{"line":385,"column":null}},"type":"cond-expr","locations":[{"start":{"line":385,"column":48},"end":{"line":385,"column":69}},{"start":{"line":385,"column":69},"end":{"line":385,"column":null}}],"line":385},"19":{"loc":{"start":{"line":386,"column":31},"end":{"line":386,"column":null}},"type":"cond-expr","locations":[{"start":{"line":386,"column":55},"end":{"line":386,"column":79}},{"start":{"line":386,"column":79},"end":{"line":386,"column":null}}],"line":386},"20":{"loc":{"start":{"line":412,"column":2},"end":{"line":414,"column":null}},"type":"if","locations":[{"start":{"line":412,"column":2},"end":{"line":414,"column":null}},{"start":{},"end":{}}],"line":412},"21":{"loc":{"start":{"line":415,"column":2},"end":{"line":417,"column":null}},"type":"if","locations":[{"start":{"line":415,"column":2},"end":{"line":417,"column":null}},{"start":{},"end":{}}],"line":415},"22":{"loc":{"start":{"line":434,"column":2},"end":{"line":434,"column":null}},"type":"if","locations":[{"start":{"line":434,"column":2},"end":{"line":434,"column":null}},{"start":{},"end":{}}],"line":434}},"s":{"0":6,"1":3,"2":3,"3":7,"4":7,"5":7,"6":3,"7":7,"8":9,"9":1,"10":8,"11":8,"12":8,"13":11,"14":29,"15":29,"16":29,"17":27,"18":29,"19":29,"20":29,"21":29,"22":8,"23":8,"24":27,"25":8,"26":22,"27":3,"28":3,"29":10,"30":3,"31":3,"32":4,"33":2,"34":2,"35":2,"36":2,"37":2,"38":5,"39":18,"40":18,"41":16,"42":5,"43":5,"44":8,"45":8,"46":3,"47":5,"48":2,"49":3,"50":4,"51":4,"52":1,"53":3,"54":3,"55":3,"56":3,"57":3,"58":8,"59":8,"60":3,"61":3,"62":3,"63":2,"64":2,"65":2,"66":2,"67":2,"68":2,"69":2,"70":2,"71":7,"72":2,"73":5,"74":2,"75":3,"76":7,"77":1,"78":6,"79":6,"80":6,"81":6},"f":{"0":6,"1":7,"2":7,"3":9,"4":11,"5":29,"6":27,"7":22,"8":3,"9":10,"10":3,"11":4,"12":5,"13":18,"14":18,"15":16,"16":5,"17":8,"18":3,"19":5,"20":4,"21":4,"22":3,"23":8,"24":2,"25":7,"26":7},"b":{"0":[3,3],"1":[6,4],"2":[1,8],"3":[9,9],"4":[27,2],"5":[27,0],"6":[3],"7":[3],"8":[2,2],"9":[5],"10":[18,1],"11":[8,1],"12":[2,3],"13":[1,3],"14":[4,4],"15":[3,0],"16":[8,0],"17":[1,1],"18":[1,1],"19":[1,1],"20":[2,5],"21":[2,3],"22":[1,6]},"meta":{"lastBranch":23,"lastFunction":27,"lastStatement":82,"seen":{"f:60:16:60:Infinity":0,"b:63:2:65:Infinity:undefined:undefined:undefined:undefined":0,"s:63:2:65:Infinity":0,"b:63:6:63:30:63:30:63:64":1,"s:64:4:64:Infinity":1,"s:67:41:77:Infinity":2,"f:67:65:67:66":1,"s:68:24:68:Infinity":3,"s:69:21:69:Infinity":4,"s:71:4:76:Infinity":5,"s:80:2:80:Infinity":6,"f:80:20:80:21":2,"s:80:30:80:59":7,"f:95:16:95:44":3,"b:96:2:98:Infinity:undefined:undefined:undefined:undefined":2,"s:96:2:98:Infinity":8,"b:96:6:96:23:96:23:96:50":3,"s:97:4:97:Infinity":9,"s:101:22:104:Infinity":10,"s:106:18:106:Infinity":11,"s:108:2:123:Infinity":12,"f:108:23:108:24":4,"s:109:4:122:Infinity":13,"f:109:33:109:34":5,"s:110:23:110:Infinity":14,"s:111:23:111:Infinity":15,"b:113:6:115:Infinity:undefined:undefined:undefined:undefined":4,"s:113:6:115:Infinity":16,"s:114:8:114:Infinity":17,"s:117:23:117:Infinity":18,"s:118:6:118:Infinity":19,"s:119:6:119:Infinity":20,"s:121:6:121:Infinity":21,"s:126:33:126:Infinity":22,"s:128:2:135:Infinity":23,"f:128:22:128:23":6,"s:129:4:134:Infinity":24,"b:132:35:132:66:132:66:132:Infinity":5,"s:138:2:138:Infinity":25,"f:138:20:138:21":7,"s:138:30:138:45":26,"f:154:16:154:32":8,"b:154:76:154:89":6,"s:155:20:155:Infinity":27,"s:156:2:156:Infinity":28,"f:156:39:156:40":9,"s:156:49:156:58":29,"f:176:16:176:Infinity":10,"b:182:22:182:Infinity":7,"s:184:22:184:Infinity":30,"s:186:2:199:Infinity":31,"f:215:16:215:Infinity":11,"b:219:2:221:Infinity:undefined:undefined:undefined:undefined":8,"s:219:2:221:Infinity":32,"s:220:4:220:Infinity":33,"s:223:17:223:Infinity":34,"s:224:18:224:Infinity":35,"s:225:19:225:Infinity":36,"s:227:2:232:Infinity":37,"f:248:16:248:Infinity":12,"b:250:18:250:Infinity":9,"s:252:27:258:Infinity":38,"f:253:9:253:10":13,"s:253:20:256:6":39,"b:255:15:255:69:255:69:255:Infinity":10,"f:257:12:257:13":14,"s:257:22:257:38":40,"f:258:10:258:11":15,"s:258:20:258:41":41,"s:260:2:260:Infinity":42,"f:275:16:275:32":16,"s:276:2:279:Infinity":43,"f:276:29:276:30":17,"s:277:20:277:Infinity":44,"b:277:20:277:74:277:74:277:Infinity":11,"s:278:4:278:Infinity":45,"f:295:16:295:Infinity":18,"s:299:2:307:Infinity":46,"f:299:29:299:30":19,"b:301:4:303:Infinity:undefined:undefined:undefined:undefined":12,"s:301:4:303:Infinity":47,"s:302:6:302:Infinity":48,"s:306:4:306:Infinity":49,"f:306:37:306:38":20,"s:306:47:306:74":50,"f:323:16:323:43":21,"b:324:2:326:Infinity:undefined:undefined:undefined:undefined":13,"s:324:2:326:Infinity":51,"b:324:6:324:23:324:23:324:50":14,"s:325:4:325:Infinity":52,"s:328:20:328:Infinity":53,"s:330:2:339:Infinity":54,"f:330:23:330:24":22,"b:331:4:333:Infinity:undefined:undefined:undefined:undefined":15,"s:331:4:333:Infinity":55,"s:332:6:332:Infinity":56,"s:334:4:338:Infinity":57,"f:334:33:334:34":23,"b:335:6:337:Infinity:undefined:undefined:undefined:undefined":16,"s:335:6:337:Infinity":58,"s:336:8:336:Infinity":59,"s:341:24:341:Infinity":60,"s:346:16:346:Infinity":61,"s:348:2:348:Infinity":62,"f:366:16:366:Infinity":24,"s:377:27:377:Infinity":63,"s:378:27:378:Infinity":64,"s:379:26:379:Infinity":65,"s:382:4:382:Infinity":66,"b:382:26:382:75:382:75:382:Infinity":17,"s:384:21:384:Infinity":67,"s:385:24:385:Infinity":68,"b:385:48:385:69:385:69:385:Infinity":18,"s:386:31:386:Infinity":69,"b:386:55:386:79:386:79:386:Infinity":19,"s:388:2:395:Infinity":70,"f:411:16:411:29":25,"b:412:2:414:Infinity:undefined:undefined:undefined:undefined":20,"s:412:2:414:Infinity":71,"s:413:4:413:Infinity":72,"b:415:2:417:Infinity:undefined:undefined:undefined:undefined":21,"s:415:2:417:Infinity":73,"s:416:4:416:Infinity":74,"s:418:2:418:Infinity":75,"f:433:16:433:28":26,"b:434:2:434:Infinity:undefined:undefined:undefined:undefined":22,"s:434:2:434:Infinity":76,"s:434:19:434:Infinity":77,"s:436:16:436:Infinity":78,"s:437:12:437:Infinity":79,"s:438:16:438:Infinity":80,"s:440:2:440:Infinity":81}}}
,"/Users/art/code/git-user-info/src/lib/utils.ts": {"path":"/Users/art/code/git-user-info/src/lib/utils.ts","statementMap":{"0":{"start":{"line":37,"column":2},"end":{"line":37,"column":null}}},"fnMap":{"0":{"name":"cn","decl":{"start":{"line":36,"column":16},"end":{"line":36,"column":22}},"loc":{"start":{"line":36,"column":44},"end":{"line":38,"column":null}},"line":36}},"branchMap":{},"s":{"0":155},"f":{"0":155},"b":{},"meta":{"lastBranch":0,"lastFunction":1,"lastStatement":1,"seen":{"f:36:16:36:22":0,"s:37:2:37:Infinity":0}}}
}
